[0.100s] Invoking command in '/home/shiva/sixDOF_robot_ws_full_checks/build/ur_moveit_config': CMAKE_PREFIX_PATH=${CMAKE_PREFIX_PATH}:/home/shiva/ur5_ws/install/ur5_sim_py_node:/home/shiva/moveit2_ws/install/moveit_configs_utils:/opt/ros/jazzy DEBUGINFOD_URLS=https://debuginfod.ubuntu.com /usr/bin/cmake /home/shiva/sixDOF_robot_ws_full_checks/src/Universal_Robots_ROS2_Driver/ur_moveit_config -DCMAKE_INSTALL_PREFIX=/home/shiva/sixDOF_robot_ws_full_checks/install/ur_moveit_config
[2.264s] -- The C compiler identification is GNU 13.3.0
[3.816s] -- The CXX compiler identification is GNU 13.3.0
[4.040s] -- Detecting C compiler ABI info
[4.630s] -- Detecting C compiler ABI info - done
[4.648s] -- Check for working C compiler: /usr/bin/cc - skipped
[4.648s] -- Detecting C compile features
[4.657s] -- Detecting C compile features - done
[4.702s] -- Detecting CXX compiler ABI info
[5.020s] -- Detecting CXX compiler ABI info - done
[5.035s] -- Check for working CXX compiler: /usr/bin/c++ - skipped
[5.035s] -- Detecting CXX compile features
[5.036s] -- Detecting CXX compile features - done
[7.163s] -- Found ament_cmake: 2.5.4 (/opt/ros/jazzy/share/ament_cmake/cmake)
[7.797s] -- Found Python3: /usr/bin/python3 (found version "3.12.3") found components: Interpreter 
[8.775s] -- Configuring done (8.2s)
[8.783s] -- Generating done (0.0s)
[8.807s] -- Build files have been written to: /home/shiva/sixDOF_robot_ws_full_checks/build/ur_moveit_config
[8.820s] Invoked command in '/home/shiva/sixDOF_robot_ws_full_checks/build/ur_moveit_config' returned '0': CMAKE_PREFIX_PATH=${CMAKE_PREFIX_PATH}:/home/shiva/ur5_ws/install/ur5_sim_py_node:/home/shiva/moveit2_ws/install/moveit_configs_utils:/opt/ros/jazzy DEBUGINFOD_URLS=https://debuginfod.ubuntu.com /usr/bin/cmake /home/shiva/sixDOF_robot_ws_full_checks/src/Universal_Robots_ROS2_Driver/ur_moveit_config -DCMAKE_INSTALL_PREFIX=/home/shiva/sixDOF_robot_ws_full_checks/install/ur_moveit_config
[8.824s] Invoking command in '/home/shiva/sixDOF_robot_ws_full_checks/build/ur_moveit_config': CMAKE_PREFIX_PATH=${CMAKE_PREFIX_PATH}:/home/shiva/ur5_ws/install/ur5_sim_py_node:/home/shiva/moveit2_ws/install/moveit_configs_utils:/opt/ros/jazzy DEBUGINFOD_URLS=https://debuginfod.ubuntu.com /usr/bin/cmake --build /home/shiva/sixDOF_robot_ws_full_checks/build/ur_moveit_config -- -j8 -l8
[8.939s] Invoked command in '/home/shiva/sixDOF_robot_ws_full_checks/build/ur_moveit_config' returned '0': CMAKE_PREFIX_PATH=${CMAKE_PREFIX_PATH}:/home/shiva/ur5_ws/install/ur5_sim_py_node:/home/shiva/moveit2_ws/install/moveit_configs_utils:/opt/ros/jazzy DEBUGINFOD_URLS=https://debuginfod.ubuntu.com /usr/bin/cmake --build /home/shiva/sixDOF_robot_ws_full_checks/build/ur_moveit_config -- -j8 -l8
[8.963s] Invoking command in '/home/shiva/sixDOF_robot_ws_full_checks/build/ur_moveit_config': CMAKE_PREFIX_PATH=${CMAKE_PREFIX_PATH}:/home/shiva/ur5_ws/install/ur5_sim_py_node:/home/shiva/moveit2_ws/install/moveit_configs_utils:/opt/ros/jazzy DEBUGINFOD_URLS=https://debuginfod.ubuntu.com /usr/bin/cmake --install /home/shiva/sixDOF_robot_ws_full_checks/build/ur_moveit_config
[8.989s] -- Install configuration: ""
[8.989s] -- Installing: /home/shiva/sixDOF_robot_ws_full_checks/install/ur_moveit_config/share/ament_index/resource_index/package_run_dependencies/ur_moveit_config
[8.990s] -- Installing: /home/shiva/sixDOF_robot_ws_full_checks/install/ur_moveit_config/share/ament_index/resource_index/parent_prefix_path/ur_moveit_config
[8.990s] -- Installing: /home/shiva/sixDOF_robot_ws_full_checks/install/ur_moveit_config/share/ur_moveit_config/environment/ament_prefix_path.sh
[8.991s] -- Installing: /home/shiva/sixDOF_robot_ws_full_checks/install/ur_moveit_config/share/ur_moveit_config/environment/ament_prefix_path.dsv
[8.991s] -- Installing: /home/shiva/sixDOF_robot_ws_full_checks/install/ur_moveit_config/share/ur_moveit_config/environment/path.sh
[8.992s] -- Installing: /home/shiva/sixDOF_robot_ws_full_checks/install/ur_moveit_config/share/ur_moveit_config/environment/path.dsv
[8.992s] -- Installing: /home/shiva/sixDOF_robot_ws_full_checks/install/ur_moveit_config/share/ur_moveit_config/local_setup.bash
[8.992s] -- Installing: /home/shiva/sixDOF_robot_ws_full_checks/install/ur_moveit_config/share/ur_moveit_config/local_setup.sh
[8.993s] -- Installing: /home/shiva/sixDOF_robot_ws_full_checks/install/ur_moveit_config/share/ur_moveit_config/local_setup.zsh
[8.993s] -- Installing: /home/shiva/sixDOF_robot_ws_full_checks/install/ur_moveit_config/share/ur_moveit_config/local_setup.dsv
[8.994s] -- Installing: /home/shiva/sixDOF_robot_ws_full_checks/install/ur_moveit_config/share/ur_moveit_config/package.dsv
[8.994s] -- Installing: /home/shiva/sixDOF_robot_ws_full_checks/install/ur_moveit_config/share/ament_index/resource_index/packages/ur_moveit_config
[8.994s] -- Installing: /home/shiva/sixDOF_robot_ws_full_checks/install/ur_moveit_config/share/ur_moveit_config/cmake/ur_moveit_configConfig.cmake
[8.995s] -- Installing: /home/shiva/sixDOF_robot_ws_full_checks/install/ur_moveit_config/share/ur_moveit_config/cmake/ur_moveit_configConfig-version.cmake
[8.995s] -- Installing: /home/shiva/sixDOF_robot_ws_full_checks/install/ur_moveit_config/share/ur_moveit_config/package.xml
[8.996s] -- Installing: /home/shiva/sixDOF_robot_ws_full_checks/install/ur_moveit_config/share/ur_moveit_config/config
[8.996s] -- Installing: /home/shiva/sixDOF_robot_ws_full_checks/install/ur_moveit_config/share/ur_moveit_config/config/ompl_planning.yaml
[8.996s] -- Installing: /home/shiva/sixDOF_robot_ws_full_checks/install/ur_moveit_config/share/ur_moveit_config/config/moveit.rviz
[8.997s] -- Installing: /home/shiva/sixDOF_robot_ws_full_checks/install/ur_moveit_config/share/ur_moveit_config/config/kinematics.yaml
[8.997s] -- Installing: /home/shiva/sixDOF_robot_ws_full_checks/install/ur_moveit_config/share/ur_moveit_config/config/ur_servo.yaml
[8.998s] -- Installing: /home/shiva/sixDOF_robot_ws_full_checks/install/ur_moveit_config/share/ur_moveit_config/config/pilz_industrial_motion_planner_planning.yaml
[8.998s] -- Installing: /home/shiva/sixDOF_robot_ws_full_checks/install/ur_moveit_config/share/ur_moveit_config/config/pilz_cartesian_limits.yaml
[8.999s] -- Installing: /home/shiva/sixDOF_robot_ws_full_checks/install/ur_moveit_config/share/ur_moveit_config/config/moveit_controllers.yaml
[8.999s] -- Installing: /home/shiva/sixDOF_robot_ws_full_checks/install/ur_moveit_config/share/ur_moveit_config/config/chomp_planning.yaml
[8.999s] -- Installing: /home/shiva/sixDOF_robot_ws_full_checks/install/ur_moveit_config/share/ur_moveit_config/config/joint_limits.yaml
[9.000s] -- Installing: /home/shiva/sixDOF_robot_ws_full_checks/install/ur_moveit_config/share/ur_moveit_config/launch
[9.000s] -- Installing: /home/shiva/sixDOF_robot_ws_full_checks/install/ur_moveit_config/share/ur_moveit_config/launch/ur_moveit.launch.py
[9.000s] -- Installing: /home/shiva/sixDOF_robot_ws_full_checks/install/ur_moveit_config/share/ur_moveit_config/srdf
[9.000s] -- Installing: /home/shiva/sixDOF_robot_ws_full_checks/install/ur_moveit_config/share/ur_moveit_config/srdf/ur.srdf.xacro
[9.001s] -- Installing: /home/shiva/sixDOF_robot_ws_full_checks/install/ur_moveit_config/share/ur_moveit_config/srdf/ur_macro.srdf.xacro
[9.003s] Invoked command in '/home/shiva/sixDOF_robot_ws_full_checks/build/ur_moveit_config' returned '0': CMAKE_PREFIX_PATH=${CMAKE_PREFIX_PATH}:/home/shiva/ur5_ws/install/ur5_sim_py_node:/home/shiva/moveit2_ws/install/moveit_configs_utils:/opt/ros/jazzy DEBUGINFOD_URLS=https://debuginfod.ubuntu.com /usr/bin/cmake --install /home/shiva/sixDOF_robot_ws_full_checks/build/ur_moveit_config
