-- The C compiler identification is GNU 13.3.0
-- The CXX compiler identification is GNU 13.3.0
-- Detecting C compiler ABI info
-- Detecting C compiler ABI info - done
-- Check for working C compiler: /usr/bin/cc - skipped
-- Detecting C compile features
-- Detecting C compile features - done
-- Detecting CXX compiler ABI info
-- Detecting CXX compiler ABI info - done
-- Check for working CXX compiler: /usr/bin/c++ - skipped
-- Detecting CXX compile features
-- Detecting CXX compile features - done
-- Found ament_cmake: 2.5.4 (/opt/ros/jazzy/share/ament_cmake/cmake)
-- Found Python3: /usr/bin/python3 (found version "3.12.3") found components: Interpreter 
-- Found angles: 1.16.0 (/opt/ros/jazzy/share/angles/cmake)
-- Found controller_interface: 4.35.0 (/opt/ros/jazzy/share/controller_interface/cmake)
-- Found rosidl_generator_c: 4.6.6 (/opt/ros/jazzy/share/rosidl_generator_c/cmake)
-- Found rosidl_generator_cpp: 4.6.6 (/opt/ros/jazzy/share/rosidl_generator_cpp/cmake)
-- Using all available rosidl_typesupport_c: rosidl_typesupport_fastrtps_c;rosidl_typesupport_introspection_c
-- Using all available rosidl_typesupport_cpp: rosidl_typesupport_fastrtps_cpp;rosidl_typesupport_introspection_cpp
-- Found TinyXML2 via Config file: /usr/lib/x86_64-linux-gnu/cmake/tinyxml2
-- Found rmw_implementation_cmake: 7.3.2 (/opt/ros/jazzy/share/rmw_implementation_cmake/cmake)
-- Found rmw_fastrtps_cpp: 8.4.3 (/opt/ros/jazzy/share/rmw_fastrtps_cpp/cmake)
-- Found TinyXML2 via Config file: /usr/lib/x86_64-linux-gnu/cmake/tinyxml2
-- Found OpenSSL: /usr/lib/x86_64-linux-gnu/libcrypto.so (found version "3.0.13")  
-- Found TinyXML2 via Config file: /usr/lib/x86_64-linux-gnu/cmake/tinyxml2
-- Found FastRTPS: /opt/ros/jazzy/include (Required is at least version "2.13") 
-- Found TinyXML2 via Config file: /usr/lib/x86_64-linux-gnu/cmake/tinyxml2
-- Found TinyXML2 via Config file: /usr/lib/x86_64-linux-gnu/cmake/tinyxml2
-- Using RMW implementation 'rmw_fastrtps_cpp' as default
-- Found joint_trajectory_controller: 4.30.1 (/opt/ros/jazzy/share/joint_trajectory_controller/cmake)
-- Found eigen3_cmake_module: 0.3.0 (/opt/ros/jazzy/share/eigen3_cmake_module/cmake)
-- Found Eigen3: TRUE (found version "3.4.0") 
-- Ensuring Eigen3 include directory is part of orocos-kdl CMake target
-- Found std_srvs: 5.3.6 (/opt/ros/jazzy/share/std_srvs/cmake)
-- Found ur_dashboard_msgs: 3.3.3 (/home/shiva/sixDOF_robot_ws_full_checks/install/ur_dashboard_msgs/share/ur_dashboard_msgs/cmake)
-- Found ur_msgs: 2.3.0 (/opt/ros/jazzy/share/ur_msgs/cmake)
-- Found ament_cmake_gmock: 2.5.4 (/opt/ros/jazzy/share/ament_cmake_gmock/cmake)
-- Found controller_manager: 4.35.0 (/opt/ros/jazzy/share/controller_manager/cmake)
-- Found ros2_control_test_assets: 4.35.0 (/opt/ros/jazzy/share/ros2_control_test_assets/cmake)
-- Found gmock sources under '/opt/ros/jazzy/src/gmock_vendor': C++ tests using 'Google Mock' will be built
-- Found ament_cmake_gtest: 2.5.4 (/opt/ros/jazzy/share/ament_cmake_gtest/cmake)
-- Found gtest sources under '/opt/ros/jazzy/src/gtest_vendor': C++ tests using 'Google Test' will be built
-- Configuring done (6.6s)
-- Generating done (0.4s)
-- Build files have been written to: /home/shiva/sixDOF_robot_ws_full_checks/build/ur_controllers
[  2%] [34m[1mRunning `/opt/ros/jazzy/bin/generate_parameter_library_cpp /home/shiva/sixDOF_robot_ws_full_checks/build/ur_controllers/include/ur_controllers/speed_scaling_state_broadcaster_parameters.hpp /home/shiva/sixDOF_robot_ws_full_checks/src/Universal_Robots_ROS2_Driver/ur_controllers/src/speed_scaling_state_broadcaster_parameters.yaml `[0m
[  5%] [34m[1mRunning `/opt/ros/jazzy/bin/generate_parameter_library_cpp /home/shiva/sixDOF_robot_ws_full_checks/build/ur_controllers/include/ur_controllers/force_mode_controller_parameters.hpp /home/shiva/sixDOF_robot_ws_full_checks/src/Universal_Robots_ROS2_Driver/ur_controllers/src/force_mode_controller_parameters.yaml `[0m
[  8%] [34m[1mRunning `/opt/ros/jazzy/bin/generate_parameter_library_cpp /home/shiva/sixDOF_robot_ws_full_checks/build/ur_controllers/include/ur_controllers/scaled_joint_trajectory_controller_parameters.hpp /home/shiva/sixDOF_robot_ws_full_checks/src/Universal_Robots_ROS2_Driver/ur_controllers/src/scaled_joint_trajectory_controller_parameters.yaml `[0m
[ 14%] [34m[1mRunning `/opt/ros/jazzy/bin/generate_parameter_library_cpp /home/shiva/sixDOF_robot_ws_full_checks/build/ur_controllers/include/ur_controllers/tool_contact_controller_parameters.hpp /home/shiva/sixDOF_robot_ws_full_checks/src/Universal_Robots_ROS2_Driver/ur_controllers/src/tool_contact_controller_parameters.yaml `[0m
[ 14%] [34m[1mRunning `/opt/ros/jazzy/bin/generate_parameter_library_cpp /home/shiva/sixDOF_robot_ws_full_checks/build/ur_controllers/include/ur_controllers/ur_configuration_controller_parameters.hpp /home/shiva/sixDOF_robot_ws_full_checks/src/Universal_Robots_ROS2_Driver/ur_controllers/src/ur_configuration_controller_parameters.yaml `[0m
[ 17%] [34m[1mRunning `/opt/ros/jazzy/bin/generate_parameter_library_cpp /home/shiva/sixDOF_robot_ws_full_checks/build/ur_controllers/include/ur_controllers/freedrive_mode_controller_parameters.hpp /home/shiva/sixDOF_robot_ws_full_checks/src/Universal_Robots_ROS2_Driver/ur_controllers/src/freedrive_mode_controller_parameters.yaml `[0m
[ 20%] [34m[1mRunning `/opt/ros/jazzy/bin/generate_parameter_library_cpp /home/shiva/sixDOF_robot_ws_full_checks/build/ur_controllers/include/ur_controllers/passthrough_trajectory_controller_parameters.hpp /home/shiva/sixDOF_robot_ws_full_checks/src/Universal_Robots_ROS2_Driver/ur_controllers/src/passthrough_trajectory_controller_parameters.yaml `[0m
[ 23%] [34m[1mRunning `/opt/ros/jazzy/bin/generate_parameter_library_cpp /home/shiva/sixDOF_robot_ws_full_checks/build/ur_controllers/include/ur_controllers/gpio_controller_parameters.hpp /home/shiva/sixDOF_robot_ws_full_checks/src/Universal_Robots_ROS2_Driver/ur_controllers/src/gpio_controller_parameters.yaml `[0m
[ 26%] [34m[1mCreating deprecated header file /home/shiva/sixDOF_robot_ws_full_checks/build/ur_controllers/include/force_mode_controller_parameters.hpp[0m
[ 29%] [34m[1mCreating deprecated header file /home/shiva/sixDOF_robot_ws_full_checks/build/ur_controllers/include/gpio_controller_parameters.hpp[0m
[ 32%] [34m[1mCreating deprecated header file /home/shiva/sixDOF_robot_ws_full_checks/build/ur_controllers/include/scaled_joint_trajectory_controller_parameters.hpp[0m
[ 35%] [34m[1mCreating deprecated header file /home/shiva/sixDOF_robot_ws_full_checks/build/ur_controllers/include/speed_scaling_state_broadcaster_parameters.hpp[0m
[ 38%] [34m[1mCreating deprecated header file /home/shiva/sixDOF_robot_ws_full_checks/build/ur_controllers/include/ur_configuration_controller_parameters.hpp[0m
[ 38%] Built target scaled_joint_trajectory_controller_parameters
[ 38%] Built target gpio_controller_parameters
[ 41%] [34m[1mCreating deprecated header file /home/shiva/sixDOF_robot_ws_full_checks/build/ur_controllers/include/freedrive_mode_controller_parameters.hpp[0m
[ 44%] [34m[1mCreating deprecated header file /home/shiva/sixDOF_robot_ws_full_checks/build/ur_controllers/include/tool_contact_controller_parameters.hpp[0m
[ 44%] Built target force_mode_controller_parameters
[ 44%] Built target speed_scaling_state_broadcaster_parameters
[ 47%] [34m[1mCreating deprecated header file /home/shiva/sixDOF_robot_ws_full_checks/build/ur_controllers/include/passthrough_trajectory_controller_parameters.hpp[0m
[ 47%] Built target ur_configuration_controller_parameters
[ 50%] [32mBuilding CXX object gmock/CMakeFiles/gmock_main.dir/src/gmock_main.cc.o[0m
[ 50%] Built target freedrive_mode_controller_parameters
[ 52%] [32mBuilding CXX object gmock/CMakeFiles/gmock.dir/opt/ros/jazzy/src/gtest_vendor/src/gtest-all.cc.o[0m
[ 52%] Built target tool_contact_controller_parameters
[ 55%] [32mBuilding CXX object gmock/CMakeFiles/gmock.dir/src/gmock-all.cc.o[0m
[ 55%] Built target passthrough_trajectory_controller_parameters
[ 58%] [32mBuilding CXX object CMakeFiles/ur_controllers.dir/src/tool_contact_controller.cpp.o[0m
[ 61%] [32mBuilding CXX object CMakeFiles/ur_controllers.dir/src/speed_scaling_state_broadcaster.cpp.o[0m
[ 64%] [32mBuilding CXX object CMakeFiles/ur_controllers.dir/src/scaled_joint_trajectory_controller.cpp.o[0m
[ 67%] [32mBuilding CXX object CMakeFiles/ur_controllers.dir/src/force_mode_controller.cpp.o[0m
[ 70%] [32mBuilding CXX object CMakeFiles/ur_controllers.dir/src/freedrive_mode_controller.cpp.o[0m
[ 73%] [32m[1mLinking CXX static library libgmock_main.a[0m
[ 73%] Built target gmock_main
[ 76%] [32mBuilding CXX object CMakeFiles/ur_controllers.dir/src/gpio_controller.cpp.o[0m
[ 79%] [32mBuilding CXX object CMakeFiles/ur_controllers.dir/src/passthrough_trajectory_controller.cpp.o[0m
[ 82%] [32m[1mLinking CXX static library libgmock.a[0m
[ 82%] Built target gmock
[ 85%] [32mBuilding CXX object CMakeFiles/ur_controllers.dir/src/ur_configuration_controller.cpp.o[0m
In file included from [01m[K/home/shiva/sixDOF_robot_ws_full_checks/src/Universal_Robots_ROS2_Driver/ur_controllers/include/ur_controllers/ur_configuration_controller.hpp:47[m[K,
                 from [01m[K/home/shiva/sixDOF_robot_ws_full_checks/src/Universal_Robots_ROS2_Driver/ur_controllers/src/ur_configuration_controller.cpp:41[m[K:
[01m[K/opt/ros/jazzy/include/realtime_tools/realtime_tools/realtime_box.hpp:40:151:[m[K [01;36m[Knote: [m[K‘[01m[K#pragma message: 'RealtimeBox' is deprecated. Please update your code to use 'realtime_thread_safe_box.hpp' header, and class name 'RealtimeThreadSafeBox' instead.[m[K’
   40 |   "'RealtimeBox' is deprecated. Please update your code to use 'realtime_thread_safe_box.hpp' header, and class name 'RealtimeThreadSafeBox' instead."[01;36m[K)[m[K  //NOLINT
      |                                                                                                                                                       [01;36m[K^[m[K
[ 88%] [32m[1mLinking CXX shared library libur_controllers.so[0m
[ 88%] Built target ur_controllers
[ 91%] [32mBuilding CXX object CMakeFiles/test_load_force_mode_controller.dir/test/test_load_force_mode_controller.cpp.o[0m
[ 94%] [32mBuilding CXX object CMakeFiles/test_load_freedrive_mode_controller.dir/test/test_load_freedrive_mode_controller.cpp.o[0m
[ 97%] [32m[1mLinking CXX executable test_load_freedrive_mode_controller[0m
[100%] [32m[1mLinking CXX executable test_load_force_mode_controller[0m
[100%] Built target test_load_force_mode_controller
[100%] Built target test_load_freedrive_mode_controller
-- Install configuration: ""
-- Installing: /home/shiva/sixDOF_robot_ws_full_checks/install/ur_controllers/include/ur_controllers
-- Installing: /home/shiva/sixDOF_robot_ws_full_checks/install/ur_controllers/include/ur_controllers/speed_scaling_state_broadcaster_parameters.hpp
-- Installing: /home/shiva/sixDOF_robot_ws_full_checks/install/ur_controllers/include/ur_controllers/passthrough_trajectory_controller_parameters.hpp
-- Installing: /home/shiva/sixDOF_robot_ws_full_checks/install/ur_controllers/include/ur_controllers/tool_contact_controller_parameters.hpp
-- Installing: /home/shiva/sixDOF_robot_ws_full_checks/install/ur_controllers/include/ur_controllers/freedrive_mode_controller_parameters.hpp
-- Installing: /home/shiva/sixDOF_robot_ws_full_checks/install/ur_controllers/include/ur_controllers/gpio_controller_parameters.hpp
-- Installing: /home/shiva/sixDOF_robot_ws_full_checks/install/ur_controllers/include/ur_controllers/ur_configuration_controller_parameters.hpp
-- Installing: /home/shiva/sixDOF_robot_ws_full_checks/install/ur_controllers/include/ur_controllers/scaled_joint_trajectory_controller_parameters.hpp
-- Installing: /home/shiva/sixDOF_robot_ws_full_checks/install/ur_controllers/include/ur_controllers/force_mode_controller_parameters.hpp
-- Up-to-date: /home/shiva/sixDOF_robot_ws_full_checks/install/ur_controllers/include/ur_controllers
-- Up-to-date: /home/shiva/sixDOF_robot_ws_full_checks/install/ur_controllers/include/ur_controllers/speed_scaling_state_broadcaster_parameters.hpp
-- Up-to-date: /home/shiva/sixDOF_robot_ws_full_checks/install/ur_controllers/include/ur_controllers/passthrough_trajectory_controller_parameters.hpp
-- Up-to-date: /home/shiva/sixDOF_robot_ws_full_checks/install/ur_controllers/include/ur_controllers/tool_contact_controller_parameters.hpp
-- Up-to-date: /home/shiva/sixDOF_robot_ws_full_checks/install/ur_controllers/include/ur_controllers/freedrive_mode_controller_parameters.hpp
-- Up-to-date: /home/shiva/sixDOF_robot_ws_full_checks/install/ur_controllers/include/ur_controllers/gpio_controller_parameters.hpp
-- Up-to-date: /home/shiva/sixDOF_robot_ws_full_checks/install/ur_controllers/include/ur_controllers/ur_configuration_controller_parameters.hpp
-- Up-to-date: /home/shiva/sixDOF_robot_ws_full_checks/install/ur_controllers/include/ur_controllers/scaled_joint_trajectory_controller_parameters.hpp
-- Up-to-date: /home/shiva/sixDOF_robot_ws_full_checks/install/ur_controllers/include/ur_controllers/force_mode_controller_parameters.hpp
-- Up-to-date: /home/shiva/sixDOF_robot_ws_full_checks/install/ur_controllers/include/ur_controllers
-- Up-to-date: /home/shiva/sixDOF_robot_ws_full_checks/install/ur_controllers/include/ur_controllers/speed_scaling_state_broadcaster_parameters.hpp
-- Up-to-date: /home/shiva/sixDOF_robot_ws_full_checks/install/ur_controllers/include/ur_controllers/passthrough_trajectory_controller_parameters.hpp
-- Up-to-date: /home/shiva/sixDOF_robot_ws_full_checks/install/ur_controllers/include/ur_controllers/tool_contact_controller_parameters.hpp
-- Up-to-date: /home/shiva/sixDOF_robot_ws_full_checks/install/ur_controllers/include/ur_controllers/freedrive_mode_controller_parameters.hpp
-- Up-to-date: /home/shiva/sixDOF_robot_ws_full_checks/install/ur_controllers/include/ur_controllers/gpio_controller_parameters.hpp
-- Up-to-date: /home/shiva/sixDOF_robot_ws_full_checks/install/ur_controllers/include/ur_controllers/ur_configuration_controller_parameters.hpp
-- Up-to-date: /home/shiva/sixDOF_robot_ws_full_checks/install/ur_controllers/include/ur_controllers/scaled_joint_trajectory_controller_parameters.hpp
-- Up-to-date: /home/shiva/sixDOF_robot_ws_full_checks/install/ur_controllers/include/ur_controllers/force_mode_controller_parameters.hpp
-- Up-to-date: /home/shiva/sixDOF_robot_ws_full_checks/install/ur_controllers/include/ur_controllers
-- Up-to-date: /home/shiva/sixDOF_robot_ws_full_checks/install/ur_controllers/include/ur_controllers/speed_scaling_state_broadcaster_parameters.hpp
-- Up-to-date: /home/shiva/sixDOF_robot_ws_full_checks/install/ur_controllers/include/ur_controllers/passthrough_trajectory_controller_parameters.hpp
-- Up-to-date: /home/shiva/sixDOF_robot_ws_full_checks/install/ur_controllers/include/ur_controllers/tool_contact_controller_parameters.hpp
-- Up-to-date: /home/shiva/sixDOF_robot_ws_full_checks/install/ur_controllers/include/ur_controllers/freedrive_mode_controller_parameters.hpp
-- Up-to-date: /home/shiva/sixDOF_robot_ws_full_checks/install/ur_controllers/include/ur_controllers/gpio_controller_parameters.hpp
-- Up-to-date: /home/shiva/sixDOF_robot_ws_full_checks/install/ur_controllers/include/ur_controllers/ur_configuration_controller_parameters.hpp
-- Up-to-date: /home/shiva/sixDOF_robot_ws_full_checks/install/ur_controllers/include/ur_controllers/scaled_joint_trajectory_controller_parameters.hpp
-- Up-to-date: /home/shiva/sixDOF_robot_ws_full_checks/install/ur_controllers/include/ur_controllers/force_mode_controller_parameters.hpp
-- Up-to-date: /home/shiva/sixDOF_robot_ws_full_checks/install/ur_controllers/include/ur_controllers
-- Up-to-date: /home/shiva/sixDOF_robot_ws_full_checks/install/ur_controllers/include/ur_controllers/speed_scaling_state_broadcaster_parameters.hpp
-- Up-to-date: /home/shiva/sixDOF_robot_ws_full_checks/install/ur_controllers/include/ur_controllers/passthrough_trajectory_controller_parameters.hpp
-- Up-to-date: /home/shiva/sixDOF_robot_ws_full_checks/install/ur_controllers/include/ur_controllers/tool_contact_controller_parameters.hpp
-- Up-to-date: /home/shiva/sixDOF_robot_ws_full_checks/install/ur_controllers/include/ur_controllers/freedrive_mode_controller_parameters.hpp
-- Up-to-date: /home/shiva/sixDOF_robot_ws_full_checks/install/ur_controllers/include/ur_controllers/gpio_controller_parameters.hpp
-- Up-to-date: /home/shiva/sixDOF_robot_ws_full_checks/install/ur_controllers/include/ur_controllers/ur_configuration_controller_parameters.hpp
-- Up-to-date: /home/shiva/sixDOF_robot_ws_full_checks/install/ur_controllers/include/ur_controllers/scaled_joint_trajectory_controller_parameters.hpp
-- Up-to-date: /home/shiva/sixDOF_robot_ws_full_checks/install/ur_controllers/include/ur_controllers/force_mode_controller_parameters.hpp
-- Up-to-date: /home/shiva/sixDOF_robot_ws_full_checks/install/ur_controllers/include/ur_controllers
-- Up-to-date: /home/shiva/sixDOF_robot_ws_full_checks/install/ur_controllers/include/ur_controllers/speed_scaling_state_broadcaster_parameters.hpp
-- Up-to-date: /home/shiva/sixDOF_robot_ws_full_checks/install/ur_controllers/include/ur_controllers/passthrough_trajectory_controller_parameters.hpp
-- Up-to-date: /home/shiva/sixDOF_robot_ws_full_checks/install/ur_controllers/include/ur_controllers/tool_contact_controller_parameters.hpp
-- Up-to-date: /home/shiva/sixDOF_robot_ws_full_checks/install/ur_controllers/include/ur_controllers/freedrive_mode_controller_parameters.hpp
-- Up-to-date: /home/shiva/sixDOF_robot_ws_full_checks/install/ur_controllers/include/ur_controllers/gpio_controller_parameters.hpp
-- Up-to-date: /home/shiva/sixDOF_robot_ws_full_checks/install/ur_controllers/include/ur_controllers/ur_configuration_controller_parameters.hpp
-- Up-to-date: /home/shiva/sixDOF_robot_ws_full_checks/install/ur_controllers/include/ur_controllers/scaled_joint_trajectory_controller_parameters.hpp
-- Up-to-date: /home/shiva/sixDOF_robot_ws_full_checks/install/ur_controllers/include/ur_controllers/force_mode_controller_parameters.hpp
-- Up-to-date: /home/shiva/sixDOF_robot_ws_full_checks/install/ur_controllers/include/ur_controllers
-- Up-to-date: /home/shiva/sixDOF_robot_ws_full_checks/install/ur_controllers/include/ur_controllers/speed_scaling_state_broadcaster_parameters.hpp
-- Up-to-date: /home/shiva/sixDOF_robot_ws_full_checks/install/ur_controllers/include/ur_controllers/passthrough_trajectory_controller_parameters.hpp
-- Up-to-date: /home/shiva/sixDOF_robot_ws_full_checks/install/ur_controllers/include/ur_controllers/tool_contact_controller_parameters.hpp
-- Up-to-date: /home/shiva/sixDOF_robot_ws_full_checks/install/ur_controllers/include/ur_controllers/freedrive_mode_controller_parameters.hpp
-- Up-to-date: /home/shiva/sixDOF_robot_ws_full_checks/install/ur_controllers/include/ur_controllers/gpio_controller_parameters.hpp
-- Up-to-date: /home/shiva/sixDOF_robot_ws_full_checks/install/ur_controllers/include/ur_controllers/ur_configuration_controller_parameters.hpp
-- Up-to-date: /home/shiva/sixDOF_robot_ws_full_checks/install/ur_controllers/include/ur_controllers/scaled_joint_trajectory_controller_parameters.hpp
-- Up-to-date: /home/shiva/sixDOF_robot_ws_full_checks/install/ur_controllers/include/ur_controllers/force_mode_controller_parameters.hpp
-- Up-to-date: /home/shiva/sixDOF_robot_ws_full_checks/install/ur_controllers/include/ur_controllers
-- Up-to-date: /home/shiva/sixDOF_robot_ws_full_checks/install/ur_controllers/include/ur_controllers/speed_scaling_state_broadcaster_parameters.hpp
-- Up-to-date: /home/shiva/sixDOF_robot_ws_full_checks/install/ur_controllers/include/ur_controllers/passthrough_trajectory_controller_parameters.hpp
-- Up-to-date: /home/shiva/sixDOF_robot_ws_full_checks/install/ur_controllers/include/ur_controllers/tool_contact_controller_parameters.hpp
-- Up-to-date: /home/shiva/sixDOF_robot_ws_full_checks/install/ur_controllers/include/ur_controllers/freedrive_mode_controller_parameters.hpp
-- Up-to-date: /home/shiva/sixDOF_robot_ws_full_checks/install/ur_controllers/include/ur_controllers/gpio_controller_parameters.hpp
-- Up-to-date: /home/shiva/sixDOF_robot_ws_full_checks/install/ur_controllers/include/ur_controllers/ur_configuration_controller_parameters.hpp
-- Up-to-date: /home/shiva/sixDOF_robot_ws_full_checks/install/ur_controllers/include/ur_controllers/scaled_joint_trajectory_controller_parameters.hpp
-- Up-to-date: /home/shiva/sixDOF_robot_ws_full_checks/install/ur_controllers/include/ur_controllers/force_mode_controller_parameters.hpp
-- Installing: /home/shiva/sixDOF_robot_ws_full_checks/install/ur_controllers/share/ur_controllers/controller_plugins.xml
-- Installing: /home/shiva/sixDOF_robot_ws_full_checks/install/ur_controllers/lib/libur_controllers.so
-- Set non-toolchain portion of runtime path of "/home/shiva/sixDOF_robot_ws_full_checks/install/ur_controllers/lib/libur_controllers.so" to ""
-- Up-to-date: /home/shiva/sixDOF_robot_ws_full_checks/install/ur_controllers/include
-- Up-to-date: /home/shiva/sixDOF_robot_ws_full_checks/install/ur_controllers/include/ur_controllers
-- Installing: /home/shiva/sixDOF_robot_ws_full_checks/install/ur_controllers/include/ur_controllers/speed_scaling_state_broadcaster.hpp
-- Installing: /home/shiva/sixDOF_robot_ws_full_checks/install/ur_controllers/include/ur_controllers/ur_configuration_controller.hpp
-- Installing: /home/shiva/sixDOF_robot_ws_full_checks/install/ur_controllers/include/ur_controllers/force_mode_controller.hpp
-- Installing: /home/shiva/sixDOF_robot_ws_full_checks/install/ur_controllers/include/ur_controllers/scaled_joint_trajectory_controller.hpp
-- Installing: /home/shiva/sixDOF_robot_ws_full_checks/install/ur_controllers/include/ur_controllers/freedrive_mode_controller.hpp
-- Installing: /home/shiva/sixDOF_robot_ws_full_checks/install/ur_controllers/include/ur_controllers/tool_contact_controller.hpp
-- Installing: /home/shiva/sixDOF_robot_ws_full_checks/install/ur_controllers/include/ur_controllers/gpio_controller.hpp
-- Installing: /home/shiva/sixDOF_robot_ws_full_checks/install/ur_controllers/include/ur_controllers/passthrough_trajectory_controller.hpp
-- Up-to-date: /home/shiva/sixDOF_robot_ws_full_checks/install/ur_controllers/share/ur_controllers/controller_plugins.xml
-- Installing: /home/shiva/sixDOF_robot_ws_full_checks/install/ur_controllers/share/ur_controllers/environment/library_path.sh
-- Installing: /home/shiva/sixDOF_robot_ws_full_checks/install/ur_controllers/share/ur_controllers/environment/library_path.dsv
-- Installing: /home/shiva/sixDOF_robot_ws_full_checks/install/ur_controllers/share/ament_index/resource_index/package_run_dependencies/ur_controllers
-- Installing: /home/shiva/sixDOF_robot_ws_full_checks/install/ur_controllers/share/ament_index/resource_index/parent_prefix_path/ur_controllers
-- Installing: /home/shiva/sixDOF_robot_ws_full_checks/install/ur_controllers/share/ur_controllers/environment/ament_prefix_path.sh
-- Installing: /home/shiva/sixDOF_robot_ws_full_checks/install/ur_controllers/share/ur_controllers/environment/ament_prefix_path.dsv
-- Installing: /home/shiva/sixDOF_robot_ws_full_checks/install/ur_controllers/share/ur_controllers/environment/path.sh
-- Installing: /home/shiva/sixDOF_robot_ws_full_checks/install/ur_controllers/share/ur_controllers/environment/path.dsv
-- Installing: /home/shiva/sixDOF_robot_ws_full_checks/install/ur_controllers/share/ur_controllers/local_setup.bash
-- Installing: /home/shiva/sixDOF_robot_ws_full_checks/install/ur_controllers/share/ur_controllers/local_setup.sh
-- Installing: /home/shiva/sixDOF_robot_ws_full_checks/install/ur_controllers/share/ur_controllers/local_setup.zsh
-- Installing: /home/shiva/sixDOF_robot_ws_full_checks/install/ur_controllers/share/ur_controllers/local_setup.dsv
-- Installing: /home/shiva/sixDOF_robot_ws_full_checks/install/ur_controllers/share/ur_controllers/package.dsv
-- Installing: /home/shiva/sixDOF_robot_ws_full_checks/install/ur_controllers/share/ament_index/resource_index/packages/ur_controllers
-- Installing: /home/shiva/sixDOF_robot_ws_full_checks/install/ur_controllers/share/ament_index/resource_index/controller_interface__pluginlib__plugin/ur_controllers
-- Installing: /home/shiva/sixDOF_robot_ws_full_checks/install/ur_controllers/share/ur_controllers/cmake/ament_cmake_export_dependencies-extras.cmake
-- Installing: /home/shiva/sixDOF_robot_ws_full_checks/install/ur_controllers/share/ur_controllers/cmake/ament_cmake_export_include_directories-extras.cmake
-- Installing: /home/shiva/sixDOF_robot_ws_full_checks/install/ur_controllers/share/ur_controllers/cmake/ament_cmake_export_libraries-extras.cmake
-- Installing: /home/shiva/sixDOF_robot_ws_full_checks/install/ur_controllers/share/ur_controllers/cmake/ur_controllersConfig.cmake
-- Installing: /home/shiva/sixDOF_robot_ws_full_checks/install/ur_controllers/share/ur_controllers/cmake/ur_controllersConfig-version.cmake
-- Installing: /home/shiva/sixDOF_robot_ws_full_checks/install/ur_controllers/share/ur_controllers/package.xml
