[0.036s] Invoking command in '/home/shiva/sixDOF_robot_ws_full_checks/build/ur_controllers': AMENT_PREFIX_PATH=/home/shiva/sixDOF_robot_ws_full_checks/install/ur_dashboard_msgs:${AMENT_PREFIX_PATH} CMAKE_PREFIX_PATH=/home/shiva/sixDOF_robot_ws_full_checks/install/ur_dashboard_msgs:/home/shiva/ur5_ws/install/ur_moveit_config:/home/shiva/moveit2_ws/install/pilz_industrial_motion_planner_testutils:/home/shiva/moveit2_ws/install/moveit_runtime:/home/shiva/moveit2_ws/install/moveit:/home/shiva/moveit2_ws/install/moveit_planners:/home/shiva/moveit2_ws/install/pilz_industrial_motion_planner:/home/shiva/moveit2_ws/install/moveit_ros_control_interface:/home/shiva/moveit2_ws/install/moveit_plugins:/home/shiva/moveit2_ws/install/moveit_simple_controller_manager:/home/shiva/moveit2_ws/install/moveit_setup_assistant:/home/shiva/moveit2_ws/install/moveit_setup_srdf_plugins:/home/shiva/moveit2_ws/install/moveit_setup_core_plugins:/home/shiva/moveit2_ws/install/moveit_setup_controllers:/home/shiva/moveit2_ws/install/moveit_setup_app_plugins:/home/shiva/moveit2_ws/install/moveit_setup_framework:/home/shiva/moveit2_ws/install/moveit_servo:/home/shiva/moveit2_ws/install/moveit_ros_trajectory_cache:/home/shiva/moveit2_ws/install/moveit_ros:/home/shiva/moveit2_ws/install/moveit_ros_visualization:/home/shiva/moveit2_ws/install/moveit_py:/home/shiva/moveit2_ws/install/moveit_hybrid_planning:/home/shiva/moveit2_ws/install/moveit_ros_planning_interface:/home/shiva/moveit2_ws/install/moveit_ros_benchmarks:/home/shiva/moveit2_ws/install/moveit_ros_warehouse:/home/shiva/moveit2_ws/install/moveit_ros_robot_interaction:/home/shiva/moveit2_ws/install/moveit_ros_perception:/home/shiva/moveit2_ws/install/moveit_resources_prbt_pg70_support:/home/shiva/moveit2_ws/install/moveit_resources_prbt_moveit_config:/home/shiva/moveit2_ws/install/moveit_ros_move_group:/home/shiva/moveit2_ws/install/moveit_planners_ompl:/home/shiva/moveit2_ws/install/moveit_kinematics:/home/shiva/moveit2_ws/install/moveit_ros_planning:/home/shiva/moveit2_ws/install/moveit_ros_occupancy_map_monitor:/home/shiva/moveit2_ws/install/moveit_resources_prbt_support:/home/shiva/moveit2_ws/install/moveit_resources_prbt_ikfast_manipulator_plugin:/home/shiva/moveit2_ws/install/moveit_resources:/home/shiva/moveit2_ws/install/moveit_resources_pr2_description:/home/shiva/moveit2_ws/install/moveit_resources_panda_moveit_config:/home/shiva/moveit2_ws/install/dual_arm_panda_moveit_config:/home/shiva/moveit2_ws/install/moveit_resources_panda_description:/home/shiva/moveit2_ws/install/moveit_resources_fanuc_moveit_config:/home/shiva/moveit2_ws/install/moveit_resources_fanuc_description:/home/shiva/moveit2_ws/install/moveit_planners_stomp:/home/shiva/moveit2_ws/install/moveit_planners_chomp:/home/shiva/moveit2_ws/install/chomp_motion_planner:/home/shiva/moveit2_ws/install/moveit_core:/home/shiva/moveit2_ws/install/moveit_msgs:/home/shiva/moveit2_ws/install/moveit_common:/home/shiva/ur5_demo_ws/install/ur:/home/shiva/ur5_demo_ws/install/ur_calibration:/home/shiva/ur5_demo_ws/install/ur_robot_driver:/home/shiva/ur5_demo_ws/install/ur_moveit_config:/home/shiva/ur5_demo_ws/install/ur_controllers:/home/shiva/ur5_demo_ws/install/ur_dashboard_msgs:/opt/ros/jazzy/opt/sdformat_vendor:/opt/ros/jazzy/opt/gz_math_vendor:/opt/ros/jazzy/opt/gz_utils_vendor:/opt/ros/jazzy/opt/gz_tools_vendor:/opt/ros/jazzy/opt/gz_cmake_vendor:/home/shiva/ur5_ws/install/ur5_sim_py_node:/home/shiva/moveit2_ws/install/moveit_configs_utils:/opt/ros/jazzy DEBUGINFOD_URLS=https://debuginfod.ubuntu.com LD_LIBRARY_PATH=/home/shiva/sixDOF_robot_ws_full_checks/install/ur_dashboard_msgs/lib:${LD_LIBRARY_PATH} PYTHONPATH=/home/shiva/sixDOF_robot_ws_full_checks/install/ur_dashboard_msgs/lib/python3.12/site-packages:${PYTHONPATH} /usr/bin/cmake /home/shiva/sixDOF_robot_ws_full_checks/src/Universal_Robots_ROS2_Driver/ur_controllers -DCMAKE_INSTALL_PREFIX=/home/shiva/sixDOF_robot_ws_full_checks/install/ur_controllers
[0.164s] -- The C compiler identification is GNU 13.3.0
[0.285s] -- The CXX compiler identification is GNU 13.3.0
[0.341s] -- Detecting C compiler ABI info
[0.564s] -- Detecting C compiler ABI info - done
[0.599s] -- Check for working C compiler: /usr/bin/cc - skipped
[0.600s] -- Detecting C compile features
[0.602s] -- Detecting C compile features - done
[0.628s] -- Detecting CXX compiler ABI info
[0.858s] -- Detecting CXX compiler ABI info - done
[0.878s] -- Check for working CXX compiler: /usr/bin/c++ - skipped
[0.879s] -- Detecting CXX compile features
[0.880s] -- Detecting CXX compile features - done
[0.892s] -- Found ament_cmake: 2.5.4 (/opt/ros/jazzy/share/ament_cmake/cmake)
[1.270s] -- Found Python3: /usr/bin/python3 (found version "3.12.3") found components: Interpreter 
[1.630s] -- Found angles: 1.16.0 (/opt/ros/jazzy/share/angles/cmake)
[1.644s] -- Found controller_interface: 4.35.0 (/opt/ros/jazzy/share/controller_interface/cmake)
[1.840s] -- Found rosidl_generator_c: 4.6.6 (/opt/ros/jazzy/share/rosidl_generator_c/cmake)
[1.886s] -- Found rosidl_generator_cpp: 4.6.6 (/opt/ros/jazzy/share/rosidl_generator_cpp/cmake)
[1.939s] -- Using all available rosidl_typesupport_c: rosidl_typesupport_fastrtps_c;rosidl_typesupport_introspection_c
[1.997s] -- Using all available rosidl_typesupport_cpp: rosidl_typesupport_fastrtps_cpp;rosidl_typesupport_introspection_cpp
[2.912s] -- Found TinyXML2 via Config file: /usr/lib/x86_64-linux-gnu/cmake/tinyxml2
[3.237s] -- Found rmw_implementation_cmake: 7.3.2 (/opt/ros/jazzy/share/rmw_implementation_cmake/cmake)
[3.280s] -- Found rmw_fastrtps_cpp: 8.4.3 (/opt/ros/jazzy/share/rmw_fastrtps_cpp/cmake)
[3.503s] -- Found TinyXML2 via Config file: /usr/lib/x86_64-linux-gnu/cmake/tinyxml2
[3.832s] -- Found OpenSSL: /usr/lib/x86_64-linux-gnu/libcrypto.so (found version "3.0.13")  
[3.876s] -- Found TinyXML2 via Config file: /usr/lib/x86_64-linux-gnu/cmake/tinyxml2
[3.941s] -- Found FastRTPS: /opt/ros/jazzy/include (Required is at least version "2.13") 
[3.947s] -- Found TinyXML2 via Config file: /usr/lib/x86_64-linux-gnu/cmake/tinyxml2
[3.966s] -- Found TinyXML2 via Config file: /usr/lib/x86_64-linux-gnu/cmake/tinyxml2
[3.994s] -- Using RMW implementation 'rmw_fastrtps_cpp' as default
[5.158s] -- Found joint_trajectory_controller: 4.30.1 (/opt/ros/jazzy/share/joint_trajectory_controller/cmake)
[5.472s] -- Found eigen3_cmake_module: 0.3.0 (/opt/ros/jazzy/share/eigen3_cmake_module/cmake)
[5.475s] -- Found Eigen3: TRUE (found version "3.4.0") 
[5.475s] -- Ensuring Eigen3 include directory is part of orocos-kdl CMake target
[5.868s] -- Found std_srvs: 5.3.6 (/opt/ros/jazzy/share/std_srvs/cmake)
[5.903s] -- Found ur_dashboard_msgs: 3.3.3 (/home/shiva/sixDOF_robot_ws_full_checks/install/ur_dashboard_msgs/share/ur_dashboard_msgs/cmake)
[5.971s] -- Found ur_msgs: 2.3.0 (/opt/ros/jazzy/share/ur_msgs/cmake)
[6.206s] -- Found ament_cmake_gmock: 2.5.4 (/opt/ros/jazzy/share/ament_cmake_gmock/cmake)
[6.219s] -- Found controller_manager: 4.35.0 (/opt/ros/jazzy/share/controller_manager/cmake)
[6.376s] -- Found ros2_control_test_assets: 4.35.0 (/opt/ros/jazzy/share/ros2_control_test_assets/cmake)
[6.388s] -- Found gmock sources under '/opt/ros/jazzy/src/gmock_vendor': C++ tests using 'Google Mock' will be built
[6.416s] -- Found ament_cmake_gtest: 2.5.4 (/opt/ros/jazzy/share/ament_cmake_gtest/cmake)
[6.418s] -- Found gtest sources under '/opt/ros/jazzy/src/gtest_vendor': C++ tests using 'Google Test' will be built
[6.620s] -- Configuring done (6.6s)
[7.015s] -- Generating done (0.4s)
[7.054s] -- Build files have been written to: /home/shiva/sixDOF_robot_ws_full_checks/build/ur_controllers
[7.093s] Invoked command in '/home/shiva/sixDOF_robot_ws_full_checks/build/ur_controllers' returned '0': AMENT_PREFIX_PATH=/home/shiva/sixDOF_robot_ws_full_checks/install/ur_dashboard_msgs:${AMENT_PREFIX_PATH} CMAKE_PREFIX_PATH=/home/shiva/sixDOF_robot_ws_full_checks/install/ur_dashboard_msgs:/home/shiva/ur5_ws/install/ur_moveit_config:/home/shiva/moveit2_ws/install/pilz_industrial_motion_planner_testutils:/home/shiva/moveit2_ws/install/moveit_runtime:/home/shiva/moveit2_ws/install/moveit:/home/shiva/moveit2_ws/install/moveit_planners:/home/shiva/moveit2_ws/install/pilz_industrial_motion_planner:/home/shiva/moveit2_ws/install/moveit_ros_control_interface:/home/shiva/moveit2_ws/install/moveit_plugins:/home/shiva/moveit2_ws/install/moveit_simple_controller_manager:/home/shiva/moveit2_ws/install/moveit_setup_assistant:/home/shiva/moveit2_ws/install/moveit_setup_srdf_plugins:/home/shiva/moveit2_ws/install/moveit_setup_core_plugins:/home/shiva/moveit2_ws/install/moveit_setup_controllers:/home/shiva/moveit2_ws/install/moveit_setup_app_plugins:/home/shiva/moveit2_ws/install/moveit_setup_framework:/home/shiva/moveit2_ws/install/moveit_servo:/home/shiva/moveit2_ws/install/moveit_ros_trajectory_cache:/home/shiva/moveit2_ws/install/moveit_ros:/home/shiva/moveit2_ws/install/moveit_ros_visualization:/home/shiva/moveit2_ws/install/moveit_py:/home/shiva/moveit2_ws/install/moveit_hybrid_planning:/home/shiva/moveit2_ws/install/moveit_ros_planning_interface:/home/shiva/moveit2_ws/install/moveit_ros_benchmarks:/home/shiva/moveit2_ws/install/moveit_ros_warehouse:/home/shiva/moveit2_ws/install/moveit_ros_robot_interaction:/home/shiva/moveit2_ws/install/moveit_ros_perception:/home/shiva/moveit2_ws/install/moveit_resources_prbt_pg70_support:/home/shiva/moveit2_ws/install/moveit_resources_prbt_moveit_config:/home/shiva/moveit2_ws/install/moveit_ros_move_group:/home/shiva/moveit2_ws/install/moveit_planners_ompl:/home/shiva/moveit2_ws/install/moveit_kinematics:/home/shiva/moveit2_ws/install/moveit_ros_planning:/home/shiva/moveit2_ws/install/moveit_ros_occupancy_map_monitor:/home/shiva/moveit2_ws/install/moveit_resources_prbt_support:/home/shiva/moveit2_ws/install/moveit_resources_prbt_ikfast_manipulator_plugin:/home/shiva/moveit2_ws/install/moveit_resources:/home/shiva/moveit2_ws/install/moveit_resources_pr2_description:/home/shiva/moveit2_ws/install/moveit_resources_panda_moveit_config:/home/shiva/moveit2_ws/install/dual_arm_panda_moveit_config:/home/shiva/moveit2_ws/install/moveit_resources_panda_description:/home/shiva/moveit2_ws/install/moveit_resources_fanuc_moveit_config:/home/shiva/moveit2_ws/install/moveit_resources_fanuc_description:/home/shiva/moveit2_ws/install/moveit_planners_stomp:/home/shiva/moveit2_ws/install/moveit_planners_chomp:/home/shiva/moveit2_ws/install/chomp_motion_planner:/home/shiva/moveit2_ws/install/moveit_core:/home/shiva/moveit2_ws/install/moveit_msgs:/home/shiva/moveit2_ws/install/moveit_common:/home/shiva/ur5_demo_ws/install/ur:/home/shiva/ur5_demo_ws/install/ur_calibration:/home/shiva/ur5_demo_ws/install/ur_robot_driver:/home/shiva/ur5_demo_ws/install/ur_moveit_config:/home/shiva/ur5_demo_ws/install/ur_controllers:/home/shiva/ur5_demo_ws/install/ur_dashboard_msgs:/opt/ros/jazzy/opt/sdformat_vendor:/opt/ros/jazzy/opt/gz_math_vendor:/opt/ros/jazzy/opt/gz_utils_vendor:/opt/ros/jazzy/opt/gz_tools_vendor:/opt/ros/jazzy/opt/gz_cmake_vendor:/home/shiva/ur5_ws/install/ur5_sim_py_node:/home/shiva/moveit2_ws/install/moveit_configs_utils:/opt/ros/jazzy DEBUGINFOD_URLS=https://debuginfod.ubuntu.com LD_LIBRARY_PATH=/home/shiva/sixDOF_robot_ws_full_checks/install/ur_dashboard_msgs/lib:${LD_LIBRARY_PATH} PYTHONPATH=/home/shiva/sixDOF_robot_ws_full_checks/install/ur_dashboard_msgs/lib/python3.12/site-packages:${PYTHONPATH} /usr/bin/cmake /home/shiva/sixDOF_robot_ws_full_checks/src/Universal_Robots_ROS2_Driver/ur_controllers -DCMAKE_INSTALL_PREFIX=/home/shiva/sixDOF_robot_ws_full_checks/install/ur_controllers
[7.096s] Invoking command in '/home/shiva/sixDOF_robot_ws_full_checks/build/ur_controllers': AMENT_PREFIX_PATH=/home/shiva/sixDOF_robot_ws_full_checks/install/ur_dashboard_msgs:${AMENT_PREFIX_PATH} CMAKE_PREFIX_PATH=/home/shiva/sixDOF_robot_ws_full_checks/install/ur_dashboard_msgs:/home/shiva/ur5_ws/install/ur_moveit_config:/home/shiva/moveit2_ws/install/pilz_industrial_motion_planner_testutils:/home/shiva/moveit2_ws/install/moveit_runtime:/home/shiva/moveit2_ws/install/moveit:/home/shiva/moveit2_ws/install/moveit_planners:/home/shiva/moveit2_ws/install/pilz_industrial_motion_planner:/home/shiva/moveit2_ws/install/moveit_ros_control_interface:/home/shiva/moveit2_ws/install/moveit_plugins:/home/shiva/moveit2_ws/install/moveit_simple_controller_manager:/home/shiva/moveit2_ws/install/moveit_setup_assistant:/home/shiva/moveit2_ws/install/moveit_setup_srdf_plugins:/home/shiva/moveit2_ws/install/moveit_setup_core_plugins:/home/shiva/moveit2_ws/install/moveit_setup_controllers:/home/shiva/moveit2_ws/install/moveit_setup_app_plugins:/home/shiva/moveit2_ws/install/moveit_setup_framework:/home/shiva/moveit2_ws/install/moveit_servo:/home/shiva/moveit2_ws/install/moveit_ros_trajectory_cache:/home/shiva/moveit2_ws/install/moveit_ros:/home/shiva/moveit2_ws/install/moveit_ros_visualization:/home/shiva/moveit2_ws/install/moveit_py:/home/shiva/moveit2_ws/install/moveit_hybrid_planning:/home/shiva/moveit2_ws/install/moveit_ros_planning_interface:/home/shiva/moveit2_ws/install/moveit_ros_benchmarks:/home/shiva/moveit2_ws/install/moveit_ros_warehouse:/home/shiva/moveit2_ws/install/moveit_ros_robot_interaction:/home/shiva/moveit2_ws/install/moveit_ros_perception:/home/shiva/moveit2_ws/install/moveit_resources_prbt_pg70_support:/home/shiva/moveit2_ws/install/moveit_resources_prbt_moveit_config:/home/shiva/moveit2_ws/install/moveit_ros_move_group:/home/shiva/moveit2_ws/install/moveit_planners_ompl:/home/shiva/moveit2_ws/install/moveit_kinematics:/home/shiva/moveit2_ws/install/moveit_ros_planning:/home/shiva/moveit2_ws/install/moveit_ros_occupancy_map_monitor:/home/shiva/moveit2_ws/install/moveit_resources_prbt_support:/home/shiva/moveit2_ws/install/moveit_resources_prbt_ikfast_manipulator_plugin:/home/shiva/moveit2_ws/install/moveit_resources:/home/shiva/moveit2_ws/install/moveit_resources_pr2_description:/home/shiva/moveit2_ws/install/moveit_resources_panda_moveit_config:/home/shiva/moveit2_ws/install/dual_arm_panda_moveit_config:/home/shiva/moveit2_ws/install/moveit_resources_panda_description:/home/shiva/moveit2_ws/install/moveit_resources_fanuc_moveit_config:/home/shiva/moveit2_ws/install/moveit_resources_fanuc_description:/home/shiva/moveit2_ws/install/moveit_planners_stomp:/home/shiva/moveit2_ws/install/moveit_planners_chomp:/home/shiva/moveit2_ws/install/chomp_motion_planner:/home/shiva/moveit2_ws/install/moveit_core:/home/shiva/moveit2_ws/install/moveit_msgs:/home/shiva/moveit2_ws/install/moveit_common:/home/shiva/ur5_demo_ws/install/ur:/home/shiva/ur5_demo_ws/install/ur_calibration:/home/shiva/ur5_demo_ws/install/ur_robot_driver:/home/shiva/ur5_demo_ws/install/ur_moveit_config:/home/shiva/ur5_demo_ws/install/ur_controllers:/home/shiva/ur5_demo_ws/install/ur_dashboard_msgs:/opt/ros/jazzy/opt/sdformat_vendor:/opt/ros/jazzy/opt/gz_math_vendor:/opt/ros/jazzy/opt/gz_utils_vendor:/opt/ros/jazzy/opt/gz_tools_vendor:/opt/ros/jazzy/opt/gz_cmake_vendor:/home/shiva/ur5_ws/install/ur5_sim_py_node:/home/shiva/moveit2_ws/install/moveit_configs_utils:/opt/ros/jazzy DEBUGINFOD_URLS=https://debuginfod.ubuntu.com LD_LIBRARY_PATH=/home/shiva/sixDOF_robot_ws_full_checks/install/ur_dashboard_msgs/lib:${LD_LIBRARY_PATH} PYTHONPATH=/home/shiva/sixDOF_robot_ws_full_checks/install/ur_dashboard_msgs/lib/python3.12/site-packages:${PYTHONPATH} /usr/bin/cmake --build /home/shiva/sixDOF_robot_ws_full_checks/build/ur_controllers -- -j8 -l8
[7.240s] [  2%] [34m[1mRunning `/opt/ros/jazzy/bin/generate_parameter_library_cpp /home/shiva/sixDOF_robot_ws_full_checks/build/ur_controllers/include/ur_controllers/speed_scaling_state_broadcaster_parameters.hpp /home/shiva/sixDOF_robot_ws_full_checks/src/Universal_Robots_ROS2_Driver/ur_controllers/src/speed_scaling_state_broadcaster_parameters.yaml `[0m
[7.241s] [  5%] [34m[1mRunning `/opt/ros/jazzy/bin/generate_parameter_library_cpp /home/shiva/sixDOF_robot_ws_full_checks/build/ur_controllers/include/ur_controllers/force_mode_controller_parameters.hpp /home/shiva/sixDOF_robot_ws_full_checks/src/Universal_Robots_ROS2_Driver/ur_controllers/src/force_mode_controller_parameters.yaml `[0m
[7.242s] [  8%] [34m[1mRunning `/opt/ros/jazzy/bin/generate_parameter_library_cpp /home/shiva/sixDOF_robot_ws_full_checks/build/ur_controllers/include/ur_controllers/scaled_joint_trajectory_controller_parameters.hpp /home/shiva/sixDOF_robot_ws_full_checks/src/Universal_Robots_ROS2_Driver/ur_controllers/src/scaled_joint_trajectory_controller_parameters.yaml `[0m
[7.253s] [ 14%] [34m[1mRunning `/opt/ros/jazzy/bin/generate_parameter_library_cpp /home/shiva/sixDOF_robot_ws_full_checks/build/ur_controllers/include/ur_controllers/tool_contact_controller_parameters.hpp /home/shiva/sixDOF_robot_ws_full_checks/src/Universal_Robots_ROS2_Driver/ur_controllers/src/tool_contact_controller_parameters.yaml `[0m
[7.254s] [ 14%] [34m[1mRunning `/opt/ros/jazzy/bin/generate_parameter_library_cpp /home/shiva/sixDOF_robot_ws_full_checks/build/ur_controllers/include/ur_controllers/ur_configuration_controller_parameters.hpp /home/shiva/sixDOF_robot_ws_full_checks/src/Universal_Robots_ROS2_Driver/ur_controllers/src/ur_configuration_controller_parameters.yaml `[0m
[7.257s] [ 17%] [34m[1mRunning `/opt/ros/jazzy/bin/generate_parameter_library_cpp /home/shiva/sixDOF_robot_ws_full_checks/build/ur_controllers/include/ur_controllers/freedrive_mode_controller_parameters.hpp /home/shiva/sixDOF_robot_ws_full_checks/src/Universal_Robots_ROS2_Driver/ur_controllers/src/freedrive_mode_controller_parameters.yaml `[0m
[7.259s] [ 20%] [34m[1mRunning `/opt/ros/jazzy/bin/generate_parameter_library_cpp /home/shiva/sixDOF_robot_ws_full_checks/build/ur_controllers/include/ur_controllers/passthrough_trajectory_controller_parameters.hpp /home/shiva/sixDOF_robot_ws_full_checks/src/Universal_Robots_ROS2_Driver/ur_controllers/src/passthrough_trajectory_controller_parameters.yaml `[0m
[7.263s] [ 23%] [34m[1mRunning `/opt/ros/jazzy/bin/generate_parameter_library_cpp /home/shiva/sixDOF_robot_ws_full_checks/build/ur_controllers/include/ur_controllers/gpio_controller_parameters.hpp /home/shiva/sixDOF_robot_ws_full_checks/src/Universal_Robots_ROS2_Driver/ur_controllers/src/gpio_controller_parameters.yaml `[0m
[9.208s] [ 26%] [34m[1mCreating deprecated header file /home/shiva/sixDOF_robot_ws_full_checks/build/ur_controllers/include/force_mode_controller_parameters.hpp[0m
[9.235s] [ 29%] [34m[1mCreating deprecated header file /home/shiva/sixDOF_robot_ws_full_checks/build/ur_controllers/include/gpio_controller_parameters.hpp[0m
[9.239s] [ 32%] [34m[1mCreating deprecated header file /home/shiva/sixDOF_robot_ws_full_checks/build/ur_controllers/include/scaled_joint_trajectory_controller_parameters.hpp[0m
[9.287s] [ 35%] [34m[1mCreating deprecated header file /home/shiva/sixDOF_robot_ws_full_checks/build/ur_controllers/include/speed_scaling_state_broadcaster_parameters.hpp[0m
[9.294s] [ 38%] [34m[1mCreating deprecated header file /home/shiva/sixDOF_robot_ws_full_checks/build/ur_controllers/include/ur_configuration_controller_parameters.hpp[0m
[9.304s] [ 38%] Built target scaled_joint_trajectory_controller_parameters
[9.315s] [ 38%] Built target gpio_controller_parameters
[9.322s] [ 41%] [34m[1mCreating deprecated header file /home/shiva/sixDOF_robot_ws_full_checks/build/ur_controllers/include/freedrive_mode_controller_parameters.hpp[0m
[9.327s] [ 44%] [34m[1mCreating deprecated header file /home/shiva/sixDOF_robot_ws_full_checks/build/ur_controllers/include/tool_contact_controller_parameters.hpp[0m
[9.335s] [ 44%] Built target force_mode_controller_parameters
[9.351s] [ 44%] Built target speed_scaling_state_broadcaster_parameters
[9.356s] [ 47%] [34m[1mCreating deprecated header file /home/shiva/sixDOF_robot_ws_full_checks/build/ur_controllers/include/passthrough_trajectory_controller_parameters.hpp[0m
[9.367s] [ 47%] Built target ur_configuration_controller_parameters
[9.368s] [ 50%] [32mBuilding CXX object gmock/CMakeFiles/gmock_main.dir/src/gmock_main.cc.o[0m
[9.377s] [ 50%] Built target freedrive_mode_controller_parameters
[9.384s] [ 52%] [32mBuilding CXX object gmock/CMakeFiles/gmock.dir/opt/ros/jazzy/src/gtest_vendor/src/gtest-all.cc.o[0m
[9.388s] [ 52%] Built target tool_contact_controller_parameters
[9.389s] [ 55%] [32mBuilding CXX object gmock/CMakeFiles/gmock.dir/src/gmock-all.cc.o[0m
[9.409s] [ 55%] Built target passthrough_trajectory_controller_parameters
[9.508s] [ 58%] [32mBuilding CXX object CMakeFiles/ur_controllers.dir/src/tool_contact_controller.cpp.o[0m
[9.522s] [ 61%] [32mBuilding CXX object CMakeFiles/ur_controllers.dir/src/speed_scaling_state_broadcaster.cpp.o[0m
[9.532s] [ 64%] [32mBuilding CXX object CMakeFiles/ur_controllers.dir/src/scaled_joint_trajectory_controller.cpp.o[0m
[9.536s] [ 67%] [32mBuilding CXX object CMakeFiles/ur_controllers.dir/src/force_mode_controller.cpp.o[0m
[9.539s] [ 70%] [32mBuilding CXX object CMakeFiles/ur_controllers.dir/src/freedrive_mode_controller.cpp.o[0m
[12.634s] [ 73%] [32m[1mLinking CXX static library libgmock_main.a[0m
[14.372s] [ 73%] Built target gmock_main
[14.413s] [ 76%] [32mBuilding CXX object CMakeFiles/ur_controllers.dir/src/gpio_controller.cpp.o[0m
[15.271s] [ 79%] [32mBuilding CXX object CMakeFiles/ur_controllers.dir/src/passthrough_trajectory_controller.cpp.o[0m
[20.754s] [ 82%] [32m[1mLinking CXX static library libgmock.a[0m
[21.079s] [ 82%] Built target gmock
[21.128s] [ 85%] [32mBuilding CXX object CMakeFiles/ur_controllers.dir/src/ur_configuration_controller.cpp.o[0m
[27.839s] In file included from [01m[K/home/shiva/sixDOF_robot_ws_full_checks/src/Universal_Robots_ROS2_Driver/ur_controllers/include/ur_controllers/ur_configuration_controller.hpp:47[m[K,
[27.839s]                  from [01m[K/home/shiva/sixDOF_robot_ws_full_checks/src/Universal_Robots_ROS2_Driver/ur_controllers/src/ur_configuration_controller.cpp:41[m[K:
[27.840s] [01m[K/opt/ros/jazzy/include/realtime_tools/realtime_tools/realtime_box.hpp:40:151:[m[K [01;36m[Knote: [m[K‘[01m[K#pragma message: 'RealtimeBox' is deprecated. Please update your code to use 'realtime_thread_safe_box.hpp' header, and class name 'RealtimeThreadSafeBox' instead.[m[K’
[27.840s]    40 |   "'RealtimeBox' is deprecated. Please update your code to use 'realtime_thread_safe_box.hpp' header, and class name 'RealtimeThreadSafeBox' instead."[01;36m[K)[m[K  //NOLINT
[27.840s]       |                                                                                                                                                       [01;36m[K^[m[K
[36.797s] [ 88%] [32m[1mLinking CXX shared library libur_controllers.so[0m
[40.429s] [ 88%] Built target ur_controllers
[40.485s] [ 91%] [32mBuilding CXX object CMakeFiles/test_load_force_mode_controller.dir/test/test_load_force_mode_controller.cpp.o[0m
[40.497s] [ 94%] [32mBuilding CXX object CMakeFiles/test_load_freedrive_mode_controller.dir/test/test_load_freedrive_mode_controller.cpp.o[0m
[49.034s] [ 97%] [32m[1mLinking CXX executable test_load_freedrive_mode_controller[0m
[49.252s] [100%] [32m[1mLinking CXX executable test_load_force_mode_controller[0m
[49.940s] [100%] Built target test_load_force_mode_controller
[49.967s] [100%] Built target test_load_freedrive_mode_controller
[50.005s] Invoked command in '/home/shiva/sixDOF_robot_ws_full_checks/build/ur_controllers' returned '0': AMENT_PREFIX_PATH=/home/shiva/sixDOF_robot_ws_full_checks/install/ur_dashboard_msgs:${AMENT_PREFIX_PATH} CMAKE_PREFIX_PATH=/home/shiva/sixDOF_robot_ws_full_checks/install/ur_dashboard_msgs:/home/shiva/ur5_ws/install/ur_moveit_config:/home/shiva/moveit2_ws/install/pilz_industrial_motion_planner_testutils:/home/shiva/moveit2_ws/install/moveit_runtime:/home/shiva/moveit2_ws/install/moveit:/home/shiva/moveit2_ws/install/moveit_planners:/home/shiva/moveit2_ws/install/pilz_industrial_motion_planner:/home/shiva/moveit2_ws/install/moveit_ros_control_interface:/home/shiva/moveit2_ws/install/moveit_plugins:/home/shiva/moveit2_ws/install/moveit_simple_controller_manager:/home/shiva/moveit2_ws/install/moveit_setup_assistant:/home/shiva/moveit2_ws/install/moveit_setup_srdf_plugins:/home/shiva/moveit2_ws/install/moveit_setup_core_plugins:/home/shiva/moveit2_ws/install/moveit_setup_controllers:/home/shiva/moveit2_ws/install/moveit_setup_app_plugins:/home/shiva/moveit2_ws/install/moveit_setup_framework:/home/shiva/moveit2_ws/install/moveit_servo:/home/shiva/moveit2_ws/install/moveit_ros_trajectory_cache:/home/shiva/moveit2_ws/install/moveit_ros:/home/shiva/moveit2_ws/install/moveit_ros_visualization:/home/shiva/moveit2_ws/install/moveit_py:/home/shiva/moveit2_ws/install/moveit_hybrid_planning:/home/shiva/moveit2_ws/install/moveit_ros_planning_interface:/home/shiva/moveit2_ws/install/moveit_ros_benchmarks:/home/shiva/moveit2_ws/install/moveit_ros_warehouse:/home/shiva/moveit2_ws/install/moveit_ros_robot_interaction:/home/shiva/moveit2_ws/install/moveit_ros_perception:/home/shiva/moveit2_ws/install/moveit_resources_prbt_pg70_support:/home/shiva/moveit2_ws/install/moveit_resources_prbt_moveit_config:/home/shiva/moveit2_ws/install/moveit_ros_move_group:/home/shiva/moveit2_ws/install/moveit_planners_ompl:/home/shiva/moveit2_ws/install/moveit_kinematics:/home/shiva/moveit2_ws/install/moveit_ros_planning:/home/shiva/moveit2_ws/install/moveit_ros_occupancy_map_monitor:/home/shiva/moveit2_ws/install/moveit_resources_prbt_support:/home/shiva/moveit2_ws/install/moveit_resources_prbt_ikfast_manipulator_plugin:/home/shiva/moveit2_ws/install/moveit_resources:/home/shiva/moveit2_ws/install/moveit_resources_pr2_description:/home/shiva/moveit2_ws/install/moveit_resources_panda_moveit_config:/home/shiva/moveit2_ws/install/dual_arm_panda_moveit_config:/home/shiva/moveit2_ws/install/moveit_resources_panda_description:/home/shiva/moveit2_ws/install/moveit_resources_fanuc_moveit_config:/home/shiva/moveit2_ws/install/moveit_resources_fanuc_description:/home/shiva/moveit2_ws/install/moveit_planners_stomp:/home/shiva/moveit2_ws/install/moveit_planners_chomp:/home/shiva/moveit2_ws/install/chomp_motion_planner:/home/shiva/moveit2_ws/install/moveit_core:/home/shiva/moveit2_ws/install/moveit_msgs:/home/shiva/moveit2_ws/install/moveit_common:/home/shiva/ur5_demo_ws/install/ur:/home/shiva/ur5_demo_ws/install/ur_calibration:/home/shiva/ur5_demo_ws/install/ur_robot_driver:/home/shiva/ur5_demo_ws/install/ur_moveit_config:/home/shiva/ur5_demo_ws/install/ur_controllers:/home/shiva/ur5_demo_ws/install/ur_dashboard_msgs:/opt/ros/jazzy/opt/sdformat_vendor:/opt/ros/jazzy/opt/gz_math_vendor:/opt/ros/jazzy/opt/gz_utils_vendor:/opt/ros/jazzy/opt/gz_tools_vendor:/opt/ros/jazzy/opt/gz_cmake_vendor:/home/shiva/ur5_ws/install/ur5_sim_py_node:/home/shiva/moveit2_ws/install/moveit_configs_utils:/opt/ros/jazzy DEBUGINFOD_URLS=https://debuginfod.ubuntu.com LD_LIBRARY_PATH=/home/shiva/sixDOF_robot_ws_full_checks/install/ur_dashboard_msgs/lib:${LD_LIBRARY_PATH} PYTHONPATH=/home/shiva/sixDOF_robot_ws_full_checks/install/ur_dashboard_msgs/lib/python3.12/site-packages:${PYTHONPATH} /usr/bin/cmake --build /home/shiva/sixDOF_robot_ws_full_checks/build/ur_controllers -- -j8 -l8
[50.008s] Invoking command in '/home/shiva/sixDOF_robot_ws_full_checks/build/ur_controllers': AMENT_PREFIX_PATH=/home/shiva/sixDOF_robot_ws_full_checks/install/ur_dashboard_msgs:${AMENT_PREFIX_PATH} CMAKE_PREFIX_PATH=/home/shiva/sixDOF_robot_ws_full_checks/install/ur_dashboard_msgs:/home/shiva/ur5_ws/install/ur_moveit_config:/home/shiva/moveit2_ws/install/pilz_industrial_motion_planner_testutils:/home/shiva/moveit2_ws/install/moveit_runtime:/home/shiva/moveit2_ws/install/moveit:/home/shiva/moveit2_ws/install/moveit_planners:/home/shiva/moveit2_ws/install/pilz_industrial_motion_planner:/home/shiva/moveit2_ws/install/moveit_ros_control_interface:/home/shiva/moveit2_ws/install/moveit_plugins:/home/shiva/moveit2_ws/install/moveit_simple_controller_manager:/home/shiva/moveit2_ws/install/moveit_setup_assistant:/home/shiva/moveit2_ws/install/moveit_setup_srdf_plugins:/home/shiva/moveit2_ws/install/moveit_setup_core_plugins:/home/shiva/moveit2_ws/install/moveit_setup_controllers:/home/shiva/moveit2_ws/install/moveit_setup_app_plugins:/home/shiva/moveit2_ws/install/moveit_setup_framework:/home/shiva/moveit2_ws/install/moveit_servo:/home/shiva/moveit2_ws/install/moveit_ros_trajectory_cache:/home/shiva/moveit2_ws/install/moveit_ros:/home/shiva/moveit2_ws/install/moveit_ros_visualization:/home/shiva/moveit2_ws/install/moveit_py:/home/shiva/moveit2_ws/install/moveit_hybrid_planning:/home/shiva/moveit2_ws/install/moveit_ros_planning_interface:/home/shiva/moveit2_ws/install/moveit_ros_benchmarks:/home/shiva/moveit2_ws/install/moveit_ros_warehouse:/home/shiva/moveit2_ws/install/moveit_ros_robot_interaction:/home/shiva/moveit2_ws/install/moveit_ros_perception:/home/shiva/moveit2_ws/install/moveit_resources_prbt_pg70_support:/home/shiva/moveit2_ws/install/moveit_resources_prbt_moveit_config:/home/shiva/moveit2_ws/install/moveit_ros_move_group:/home/shiva/moveit2_ws/install/moveit_planners_ompl:/home/shiva/moveit2_ws/install/moveit_kinematics:/home/shiva/moveit2_ws/install/moveit_ros_planning:/home/shiva/moveit2_ws/install/moveit_ros_occupancy_map_monitor:/home/shiva/moveit2_ws/install/moveit_resources_prbt_support:/home/shiva/moveit2_ws/install/moveit_resources_prbt_ikfast_manipulator_plugin:/home/shiva/moveit2_ws/install/moveit_resources:/home/shiva/moveit2_ws/install/moveit_resources_pr2_description:/home/shiva/moveit2_ws/install/moveit_resources_panda_moveit_config:/home/shiva/moveit2_ws/install/dual_arm_panda_moveit_config:/home/shiva/moveit2_ws/install/moveit_resources_panda_description:/home/shiva/moveit2_ws/install/moveit_resources_fanuc_moveit_config:/home/shiva/moveit2_ws/install/moveit_resources_fanuc_description:/home/shiva/moveit2_ws/install/moveit_planners_stomp:/home/shiva/moveit2_ws/install/moveit_planners_chomp:/home/shiva/moveit2_ws/install/chomp_motion_planner:/home/shiva/moveit2_ws/install/moveit_core:/home/shiva/moveit2_ws/install/moveit_msgs:/home/shiva/moveit2_ws/install/moveit_common:/home/shiva/ur5_demo_ws/install/ur:/home/shiva/ur5_demo_ws/install/ur_calibration:/home/shiva/ur5_demo_ws/install/ur_robot_driver:/home/shiva/ur5_demo_ws/install/ur_moveit_config:/home/shiva/ur5_demo_ws/install/ur_controllers:/home/shiva/ur5_demo_ws/install/ur_dashboard_msgs:/opt/ros/jazzy/opt/sdformat_vendor:/opt/ros/jazzy/opt/gz_math_vendor:/opt/ros/jazzy/opt/gz_utils_vendor:/opt/ros/jazzy/opt/gz_tools_vendor:/opt/ros/jazzy/opt/gz_cmake_vendor:/home/shiva/ur5_ws/install/ur5_sim_py_node:/home/shiva/moveit2_ws/install/moveit_configs_utils:/opt/ros/jazzy DEBUGINFOD_URLS=https://debuginfod.ubuntu.com LD_LIBRARY_PATH=/home/shiva/sixDOF_robot_ws_full_checks/install/ur_dashboard_msgs/lib:${LD_LIBRARY_PATH} PYTHONPATH=/home/shiva/sixDOF_robot_ws_full_checks/install/ur_dashboard_msgs/lib/python3.12/site-packages:${PYTHONPATH} /usr/bin/cmake --install /home/shiva/sixDOF_robot_ws_full_checks/build/ur_controllers
[50.024s] -- Install configuration: ""
[50.024s] -- Installing: /home/shiva/sixDOF_robot_ws_full_checks/install/ur_controllers/include/ur_controllers
[50.025s] -- Installing: /home/shiva/sixDOF_robot_ws_full_checks/install/ur_controllers/include/ur_controllers/speed_scaling_state_broadcaster_parameters.hpp
[50.025s] -- Installing: /home/shiva/sixDOF_robot_ws_full_checks/install/ur_controllers/include/ur_controllers/passthrough_trajectory_controller_parameters.hpp
[50.026s] -- Installing: /home/shiva/sixDOF_robot_ws_full_checks/install/ur_controllers/include/ur_controllers/tool_contact_controller_parameters.hpp
[50.026s] -- Installing: /home/shiva/sixDOF_robot_ws_full_checks/install/ur_controllers/include/ur_controllers/freedrive_mode_controller_parameters.hpp
[50.027s] -- Installing: /home/shiva/sixDOF_robot_ws_full_checks/install/ur_controllers/include/ur_controllers/gpio_controller_parameters.hpp
[50.027s] -- Installing: /home/shiva/sixDOF_robot_ws_full_checks/install/ur_controllers/include/ur_controllers/ur_configuration_controller_parameters.hpp
[50.027s] -- Installing: /home/shiva/sixDOF_robot_ws_full_checks/install/ur_controllers/include/ur_controllers/scaled_joint_trajectory_controller_parameters.hpp
[50.028s] -- Installing: /home/shiva/sixDOF_robot_ws_full_checks/install/ur_controllers/include/ur_controllers/force_mode_controller_parameters.hpp
[50.028s] -- Up-to-date: /home/shiva/sixDOF_robot_ws_full_checks/install/ur_controllers/include/ur_controllers
[50.029s] -- Up-to-date: /home/shiva/sixDOF_robot_ws_full_checks/install/ur_controllers/include/ur_controllers/speed_scaling_state_broadcaster_parameters.hpp
[50.029s] -- Up-to-date: /home/shiva/sixDOF_robot_ws_full_checks/install/ur_controllers/include/ur_controllers/passthrough_trajectory_controller_parameters.hpp
[50.029s] -- Up-to-date: /home/shiva/sixDOF_robot_ws_full_checks/install/ur_controllers/include/ur_controllers/tool_contact_controller_parameters.hpp
[50.030s] -- Up-to-date: /home/shiva/sixDOF_robot_ws_full_checks/install/ur_controllers/include/ur_controllers/freedrive_mode_controller_parameters.hpp
[50.030s] -- Up-to-date: /home/shiva/sixDOF_robot_ws_full_checks/install/ur_controllers/include/ur_controllers/gpio_controller_parameters.hpp
[50.030s] -- Up-to-date: /home/shiva/sixDOF_robot_ws_full_checks/install/ur_controllers/include/ur_controllers/ur_configuration_controller_parameters.hpp
[50.031s] -- Up-to-date: /home/shiva/sixDOF_robot_ws_full_checks/install/ur_controllers/include/ur_controllers/scaled_joint_trajectory_controller_parameters.hpp
[50.031s] -- Up-to-date: /home/shiva/sixDOF_robot_ws_full_checks/install/ur_controllers/include/ur_controllers/force_mode_controller_parameters.hpp
[50.031s] -- Up-to-date: /home/shiva/sixDOF_robot_ws_full_checks/install/ur_controllers/include/ur_controllers
[50.032s] -- Up-to-date: /home/shiva/sixDOF_robot_ws_full_checks/install/ur_controllers/include/ur_controllers/speed_scaling_state_broadcaster_parameters.hpp
[50.032s] -- Up-to-date: /home/shiva/sixDOF_robot_ws_full_checks/install/ur_controllers/include/ur_controllers/passthrough_trajectory_controller_parameters.hpp
[50.033s] -- Up-to-date: /home/shiva/sixDOF_robot_ws_full_checks/install/ur_controllers/include/ur_controllers/tool_contact_controller_parameters.hpp
[50.033s] -- Up-to-date: /home/shiva/sixDOF_robot_ws_full_checks/install/ur_controllers/include/ur_controllers/freedrive_mode_controller_parameters.hpp
[50.033s] -- Up-to-date: /home/shiva/sixDOF_robot_ws_full_checks/install/ur_controllers/include/ur_controllers/gpio_controller_parameters.hpp
[50.033s] -- Up-to-date: /home/shiva/sixDOF_robot_ws_full_checks/install/ur_controllers/include/ur_controllers/ur_configuration_controller_parameters.hpp
[50.034s] -- Up-to-date: /home/shiva/sixDOF_robot_ws_full_checks/install/ur_controllers/include/ur_controllers/scaled_joint_trajectory_controller_parameters.hpp
[50.034s] -- Up-to-date: /home/shiva/sixDOF_robot_ws_full_checks/install/ur_controllers/include/ur_controllers/force_mode_controller_parameters.hpp
[50.034s] -- Up-to-date: /home/shiva/sixDOF_robot_ws_full_checks/install/ur_controllers/include/ur_controllers
[50.035s] -- Up-to-date: /home/shiva/sixDOF_robot_ws_full_checks/install/ur_controllers/include/ur_controllers/speed_scaling_state_broadcaster_parameters.hpp
[50.035s] -- Up-to-date: /home/shiva/sixDOF_robot_ws_full_checks/install/ur_controllers/include/ur_controllers/passthrough_trajectory_controller_parameters.hpp
[50.035s] -- Up-to-date: /home/shiva/sixDOF_robot_ws_full_checks/install/ur_controllers/include/ur_controllers/tool_contact_controller_parameters.hpp
[50.036s] -- Up-to-date: /home/shiva/sixDOF_robot_ws_full_checks/install/ur_controllers/include/ur_controllers/freedrive_mode_controller_parameters.hpp
[50.036s] -- Up-to-date: /home/shiva/sixDOF_robot_ws_full_checks/install/ur_controllers/include/ur_controllers/gpio_controller_parameters.hpp
[50.036s] -- Up-to-date: /home/shiva/sixDOF_robot_ws_full_checks/install/ur_controllers/include/ur_controllers/ur_configuration_controller_parameters.hpp
[50.036s] -- Up-to-date: /home/shiva/sixDOF_robot_ws_full_checks/install/ur_controllers/include/ur_controllers/scaled_joint_trajectory_controller_parameters.hpp
[50.037s] -- Up-to-date: /home/shiva/sixDOF_robot_ws_full_checks/install/ur_controllers/include/ur_controllers/force_mode_controller_parameters.hpp
[50.037s] -- Up-to-date: /home/shiva/sixDOF_robot_ws_full_checks/install/ur_controllers/include/ur_controllers
[50.037s] -- Up-to-date: /home/shiva/sixDOF_robot_ws_full_checks/install/ur_controllers/include/ur_controllers/speed_scaling_state_broadcaster_parameters.hpp
[50.038s] -- Up-to-date: /home/shiva/sixDOF_robot_ws_full_checks/install/ur_controllers/include/ur_controllers/passthrough_trajectory_controller_parameters.hpp
[50.038s] -- Up-to-date: /home/shiva/sixDOF_robot_ws_full_checks/install/ur_controllers/include/ur_controllers/tool_contact_controller_parameters.hpp
[50.038s] -- Up-to-date: /home/shiva/sixDOF_robot_ws_full_checks/install/ur_controllers/include/ur_controllers/freedrive_mode_controller_parameters.hpp
[50.039s] -- Up-to-date: /home/shiva/sixDOF_robot_ws_full_checks/install/ur_controllers/include/ur_controllers/gpio_controller_parameters.hpp
[50.039s] -- Up-to-date: /home/shiva/sixDOF_robot_ws_full_checks/install/ur_controllers/include/ur_controllers/ur_configuration_controller_parameters.hpp
[50.039s] -- Up-to-date: /home/shiva/sixDOF_robot_ws_full_checks/install/ur_controllers/include/ur_controllers/scaled_joint_trajectory_controller_parameters.hpp
[50.040s] -- Up-to-date: /home/shiva/sixDOF_robot_ws_full_checks/install/ur_controllers/include/ur_controllers/force_mode_controller_parameters.hpp
[50.040s] -- Up-to-date: /home/shiva/sixDOF_robot_ws_full_checks/install/ur_controllers/include/ur_controllers
[50.040s] -- Up-to-date: /home/shiva/sixDOF_robot_ws_full_checks/install/ur_controllers/include/ur_controllers/speed_scaling_state_broadcaster_parameters.hpp
[50.041s] -- Up-to-date: /home/shiva/sixDOF_robot_ws_full_checks/install/ur_controllers/include/ur_controllers/passthrough_trajectory_controller_parameters.hpp
[50.041s] -- Up-to-date: /home/shiva/sixDOF_robot_ws_full_checks/install/ur_controllers/include/ur_controllers/tool_contact_controller_parameters.hpp
[50.042s] -- Up-to-date: /home/shiva/sixDOF_robot_ws_full_checks/install/ur_controllers/include/ur_controllers/freedrive_mode_controller_parameters.hpp
[50.042s] -- Up-to-date: /home/shiva/sixDOF_robot_ws_full_checks/install/ur_controllers/include/ur_controllers/gpio_controller_parameters.hpp
[50.043s] -- Up-to-date: /home/shiva/sixDOF_robot_ws_full_checks/install/ur_controllers/include/ur_controllers/ur_configuration_controller_parameters.hpp
[50.043s] -- Up-to-date: /home/shiva/sixDOF_robot_ws_full_checks/install/ur_controllers/include/ur_controllers/scaled_joint_trajectory_controller_parameters.hpp
[50.043s] -- Up-to-date: /home/shiva/sixDOF_robot_ws_full_checks/install/ur_controllers/include/ur_controllers/force_mode_controller_parameters.hpp
[50.043s] -- Up-to-date: /home/shiva/sixDOF_robot_ws_full_checks/install/ur_controllers/include/ur_controllers
[50.044s] -- Up-to-date: /home/shiva/sixDOF_robot_ws_full_checks/install/ur_controllers/include/ur_controllers/speed_scaling_state_broadcaster_parameters.hpp
[50.044s] -- Up-to-date: /home/shiva/sixDOF_robot_ws_full_checks/install/ur_controllers/include/ur_controllers/passthrough_trajectory_controller_parameters.hpp
[50.044s] -- Up-to-date: /home/shiva/sixDOF_robot_ws_full_checks/install/ur_controllers/include/ur_controllers/tool_contact_controller_parameters.hpp
[50.045s] -- Up-to-date: /home/shiva/sixDOF_robot_ws_full_checks/install/ur_controllers/include/ur_controllers/freedrive_mode_controller_parameters.hpp
[50.045s] -- Up-to-date: /home/shiva/sixDOF_robot_ws_full_checks/install/ur_controllers/include/ur_controllers/gpio_controller_parameters.hpp
[50.045s] -- Up-to-date: /home/shiva/sixDOF_robot_ws_full_checks/install/ur_controllers/include/ur_controllers/ur_configuration_controller_parameters.hpp
[50.045s] -- Up-to-date: /home/shiva/sixDOF_robot_ws_full_checks/install/ur_controllers/include/ur_controllers/scaled_joint_trajectory_controller_parameters.hpp
[50.046s] -- Up-to-date: /home/shiva/sixDOF_robot_ws_full_checks/install/ur_controllers/include/ur_controllers/force_mode_controller_parameters.hpp
[50.046s] -- Up-to-date: /home/shiva/sixDOF_robot_ws_full_checks/install/ur_controllers/include/ur_controllers
[50.046s] -- Up-to-date: /home/shiva/sixDOF_robot_ws_full_checks/install/ur_controllers/include/ur_controllers/speed_scaling_state_broadcaster_parameters.hpp
[50.047s] -- Up-to-date: /home/shiva/sixDOF_robot_ws_full_checks/install/ur_controllers/include/ur_controllers/passthrough_trajectory_controller_parameters.hpp
[50.047s] -- Up-to-date: /home/shiva/sixDOF_robot_ws_full_checks/install/ur_controllers/include/ur_controllers/tool_contact_controller_parameters.hpp
[50.047s] -- Up-to-date: /home/shiva/sixDOF_robot_ws_full_checks/install/ur_controllers/include/ur_controllers/freedrive_mode_controller_parameters.hpp
[50.047s] -- Up-to-date: /home/shiva/sixDOF_robot_ws_full_checks/install/ur_controllers/include/ur_controllers/gpio_controller_parameters.hpp
[50.048s] -- Up-to-date: /home/shiva/sixDOF_robot_ws_full_checks/install/ur_controllers/include/ur_controllers/ur_configuration_controller_parameters.hpp
[50.048s] -- Up-to-date: /home/shiva/sixDOF_robot_ws_full_checks/install/ur_controllers/include/ur_controllers/scaled_joint_trajectory_controller_parameters.hpp
[50.048s] -- Up-to-date: /home/shiva/sixDOF_robot_ws_full_checks/install/ur_controllers/include/ur_controllers/force_mode_controller_parameters.hpp
[50.049s] -- Installing: /home/shiva/sixDOF_robot_ws_full_checks/install/ur_controllers/share/ur_controllers/controller_plugins.xml
[50.049s] -- Installing: /home/shiva/sixDOF_robot_ws_full_checks/install/ur_controllers/lib/libur_controllers.so
[50.054s] -- Set non-toolchain portion of runtime path of "/home/shiva/sixDOF_robot_ws_full_checks/install/ur_controllers/lib/libur_controllers.so" to ""
[50.054s] -- Up-to-date: /home/shiva/sixDOF_robot_ws_full_checks/install/ur_controllers/include
[50.054s] -- Up-to-date: /home/shiva/sixDOF_robot_ws_full_checks/install/ur_controllers/include/ur_controllers
[50.071s] -- Installing: /home/shiva/sixDOF_robot_ws_full_checks/install/ur_controllers/include/ur_controllers/speed_scaling_state_broadcaster.hpp
[50.072s] -- Installing: /home/shiva/sixDOF_robot_ws_full_checks/install/ur_controllers/include/ur_controllers/ur_configuration_controller.hpp
[50.073s] -- Installing: /home/shiva/sixDOF_robot_ws_full_checks/install/ur_controllers/include/ur_controllers/force_mode_controller.hpp
[50.073s] -- Installing: /home/shiva/sixDOF_robot_ws_full_checks/install/ur_controllers/include/ur_controllers/scaled_joint_trajectory_controller.hpp
[50.074s] -- Installing: /home/shiva/sixDOF_robot_ws_full_checks/install/ur_controllers/include/ur_controllers/freedrive_mode_controller.hpp
[50.074s] -- Installing: /home/shiva/sixDOF_robot_ws_full_checks/install/ur_controllers/include/ur_controllers/tool_contact_controller.hpp
[50.075s] -- Installing: /home/shiva/sixDOF_robot_ws_full_checks/install/ur_controllers/include/ur_controllers/gpio_controller.hpp
[50.075s] -- Installing: /home/shiva/sixDOF_robot_ws_full_checks/install/ur_controllers/include/ur_controllers/passthrough_trajectory_controller.hpp
[50.075s] -- Up-to-date: /home/shiva/sixDOF_robot_ws_full_checks/install/ur_controllers/share/ur_controllers/controller_plugins.xml
[50.076s] -- Installing: /home/shiva/sixDOF_robot_ws_full_checks/install/ur_controllers/share/ur_controllers/environment/library_path.sh
[50.076s] -- Installing: /home/shiva/sixDOF_robot_ws_full_checks/install/ur_controllers/share/ur_controllers/environment/library_path.dsv
[50.077s] -- Installing: /home/shiva/sixDOF_robot_ws_full_checks/install/ur_controllers/share/ament_index/resource_index/package_run_dependencies/ur_controllers
[50.077s] -- Installing: /home/shiva/sixDOF_robot_ws_full_checks/install/ur_controllers/share/ament_index/resource_index/parent_prefix_path/ur_controllers
[50.077s] -- Installing: /home/shiva/sixDOF_robot_ws_full_checks/install/ur_controllers/share/ur_controllers/environment/ament_prefix_path.sh
[50.078s] -- Installing: /home/shiva/sixDOF_robot_ws_full_checks/install/ur_controllers/share/ur_controllers/environment/ament_prefix_path.dsv
[50.079s] -- Installing: /home/shiva/sixDOF_robot_ws_full_checks/install/ur_controllers/share/ur_controllers/environment/path.sh
[50.079s] -- Installing: /home/shiva/sixDOF_robot_ws_full_checks/install/ur_controllers/share/ur_controllers/environment/path.dsv
[50.079s] -- Installing: /home/shiva/sixDOF_robot_ws_full_checks/install/ur_controllers/share/ur_controllers/local_setup.bash
[50.080s] -- Installing: /home/shiva/sixDOF_robot_ws_full_checks/install/ur_controllers/share/ur_controllers/local_setup.sh
[50.080s] -- Installing: /home/shiva/sixDOF_robot_ws_full_checks/install/ur_controllers/share/ur_controllers/local_setup.zsh
[50.081s] -- Installing: /home/shiva/sixDOF_robot_ws_full_checks/install/ur_controllers/share/ur_controllers/local_setup.dsv
[50.081s] -- Installing: /home/shiva/sixDOF_robot_ws_full_checks/install/ur_controllers/share/ur_controllers/package.dsv
[50.081s] -- Installing: /home/shiva/sixDOF_robot_ws_full_checks/install/ur_controllers/share/ament_index/resource_index/packages/ur_controllers
[50.081s] -- Installing: /home/shiva/sixDOF_robot_ws_full_checks/install/ur_controllers/share/ament_index/resource_index/controller_interface__pluginlib__plugin/ur_controllers
[50.082s] -- Installing: /home/shiva/sixDOF_robot_ws_full_checks/install/ur_controllers/share/ur_controllers/cmake/ament_cmake_export_dependencies-extras.cmake
[50.082s] -- Installing: /home/shiva/sixDOF_robot_ws_full_checks/install/ur_controllers/share/ur_controllers/cmake/ament_cmake_export_include_directories-extras.cmake
[50.082s] -- Installing: /home/shiva/sixDOF_robot_ws_full_checks/install/ur_controllers/share/ur_controllers/cmake/ament_cmake_export_libraries-extras.cmake
[50.083s] -- Installing: /home/shiva/sixDOF_robot_ws_full_checks/install/ur_controllers/share/ur_controllers/cmake/ur_controllersConfig.cmake
[50.083s] -- Installing: /home/shiva/sixDOF_robot_ws_full_checks/install/ur_controllers/share/ur_controllers/cmake/ur_controllersConfig-version.cmake
[50.083s] -- Installing: /home/shiva/sixDOF_robot_ws_full_checks/install/ur_controllers/share/ur_controllers/package.xml
[50.087s] Invoked command in '/home/shiva/sixDOF_robot_ws_full_checks/build/ur_controllers' returned '0': AMENT_PREFIX_PATH=/home/shiva/sixDOF_robot_ws_full_checks/install/ur_dashboard_msgs:${AMENT_PREFIX_PATH} CMAKE_PREFIX_PATH=/home/shiva/sixDOF_robot_ws_full_checks/install/ur_dashboard_msgs:/home/shiva/ur5_ws/install/ur_moveit_config:/home/shiva/moveit2_ws/install/pilz_industrial_motion_planner_testutils:/home/shiva/moveit2_ws/install/moveit_runtime:/home/shiva/moveit2_ws/install/moveit:/home/shiva/moveit2_ws/install/moveit_planners:/home/shiva/moveit2_ws/install/pilz_industrial_motion_planner:/home/shiva/moveit2_ws/install/moveit_ros_control_interface:/home/shiva/moveit2_ws/install/moveit_plugins:/home/shiva/moveit2_ws/install/moveit_simple_controller_manager:/home/shiva/moveit2_ws/install/moveit_setup_assistant:/home/shiva/moveit2_ws/install/moveit_setup_srdf_plugins:/home/shiva/moveit2_ws/install/moveit_setup_core_plugins:/home/shiva/moveit2_ws/install/moveit_setup_controllers:/home/shiva/moveit2_ws/install/moveit_setup_app_plugins:/home/shiva/moveit2_ws/install/moveit_setup_framework:/home/shiva/moveit2_ws/install/moveit_servo:/home/shiva/moveit2_ws/install/moveit_ros_trajectory_cache:/home/shiva/moveit2_ws/install/moveit_ros:/home/shiva/moveit2_ws/install/moveit_ros_visualization:/home/shiva/moveit2_ws/install/moveit_py:/home/shiva/moveit2_ws/install/moveit_hybrid_planning:/home/shiva/moveit2_ws/install/moveit_ros_planning_interface:/home/shiva/moveit2_ws/install/moveit_ros_benchmarks:/home/shiva/moveit2_ws/install/moveit_ros_warehouse:/home/shiva/moveit2_ws/install/moveit_ros_robot_interaction:/home/shiva/moveit2_ws/install/moveit_ros_perception:/home/shiva/moveit2_ws/install/moveit_resources_prbt_pg70_support:/home/shiva/moveit2_ws/install/moveit_resources_prbt_moveit_config:/home/shiva/moveit2_ws/install/moveit_ros_move_group:/home/shiva/moveit2_ws/install/moveit_planners_ompl:/home/shiva/moveit2_ws/install/moveit_kinematics:/home/shiva/moveit2_ws/install/moveit_ros_planning:/home/shiva/moveit2_ws/install/moveit_ros_occupancy_map_monitor:/home/shiva/moveit2_ws/install/moveit_resources_prbt_support:/home/shiva/moveit2_ws/install/moveit_resources_prbt_ikfast_manipulator_plugin:/home/shiva/moveit2_ws/install/moveit_resources:/home/shiva/moveit2_ws/install/moveit_resources_pr2_description:/home/shiva/moveit2_ws/install/moveit_resources_panda_moveit_config:/home/shiva/moveit2_ws/install/dual_arm_panda_moveit_config:/home/shiva/moveit2_ws/install/moveit_resources_panda_description:/home/shiva/moveit2_ws/install/moveit_resources_fanuc_moveit_config:/home/shiva/moveit2_ws/install/moveit_resources_fanuc_description:/home/shiva/moveit2_ws/install/moveit_planners_stomp:/home/shiva/moveit2_ws/install/moveit_planners_chomp:/home/shiva/moveit2_ws/install/chomp_motion_planner:/home/shiva/moveit2_ws/install/moveit_core:/home/shiva/moveit2_ws/install/moveit_msgs:/home/shiva/moveit2_ws/install/moveit_common:/home/shiva/ur5_demo_ws/install/ur:/home/shiva/ur5_demo_ws/install/ur_calibration:/home/shiva/ur5_demo_ws/install/ur_robot_driver:/home/shiva/ur5_demo_ws/install/ur_moveit_config:/home/shiva/ur5_demo_ws/install/ur_controllers:/home/shiva/ur5_demo_ws/install/ur_dashboard_msgs:/opt/ros/jazzy/opt/sdformat_vendor:/opt/ros/jazzy/opt/gz_math_vendor:/opt/ros/jazzy/opt/gz_utils_vendor:/opt/ros/jazzy/opt/gz_tools_vendor:/opt/ros/jazzy/opt/gz_cmake_vendor:/home/shiva/ur5_ws/install/ur5_sim_py_node:/home/shiva/moveit2_ws/install/moveit_configs_utils:/opt/ros/jazzy DEBUGINFOD_URLS=https://debuginfod.ubuntu.com LD_LIBRARY_PATH=/home/shiva/sixDOF_robot_ws_full_checks/install/ur_dashboard_msgs/lib:${LD_LIBRARY_PATH} PYTHONPATH=/home/shiva/sixDOF_robot_ws_full_checks/install/ur_dashboard_msgs/lib/python3.12/site-packages:${PYTHONPATH} /usr/bin/cmake --install /home/shiva/sixDOF_robot_ws_full_checks/build/ur_controllers
