/home/shiva/sixDOF_robot_ws_full_checks/install/ur5_motion/lib/python3.12/site-packages/ur5_motion/ur5_controller.py
/home/shiva/sixDOF_robot_ws_full_checks/install/ur5_motion/lib/python3.12/site-packages/ur5_motion/__init__.py
/home/shiva/sixDOF_robot_ws_full_checks/install/ur5_motion/lib/python3.12/site-packages/ur5_motion/main.py
/home/shiva/sixDOF_robot_ws_full_checks/install/ur5_motion/lib/python3.12/site-packages/ur5_motion/conversions.py
/home/shiva/sixDOF_robot_ws_full_checks/install/ur5_motion/lib/python3.12/site-packages/ur5_motion/ur5_kinematics.py
/home/shiva/sixDOF_robot_ws_full_checks/install/ur5_motion/lib/python3.12/site-packages/ur5_motion/robot_description.py
/home/shiva/sixDOF_robot_ws_full_checks/install/ur5_motion/lib/python3.12/site-packages/ur5_motion/ur5_fk.py
/home/shiva/sixDOF_robot_ws_full_checks/install/ur5_motion/lib/python3.12/site-packages/ur5_motion/ur5_ik.py
/home/shiva/sixDOF_robot_ws_full_checks/install/ur5_motion/lib/python3.12/site-packages/ur5_motion/__pycache__/ur5_controller.cpython-312.pyc
/home/shiva/sixDOF_robot_ws_full_checks/install/ur5_motion/lib/python3.12/site-packages/ur5_motion/__pycache__/__init__.cpython-312.pyc
/home/shiva/sixDOF_robot_ws_full_checks/install/ur5_motion/lib/python3.12/site-packages/ur5_motion/__pycache__/main.cpython-312.pyc
/home/shiva/sixDOF_robot_ws_full_checks/install/ur5_motion/lib/python3.12/site-packages/ur5_motion/__pycache__/conversions.cpython-312.pyc
/home/shiva/sixDOF_robot_ws_full_checks/install/ur5_motion/lib/python3.12/site-packages/ur5_motion/__pycache__/ur5_kinematics.cpython-312.pyc
/home/shiva/sixDOF_robot_ws_full_checks/install/ur5_motion/lib/python3.12/site-packages/ur5_motion/__pycache__/robot_description.cpython-312.pyc
/home/shiva/sixDOF_robot_ws_full_checks/install/ur5_motion/lib/python3.12/site-packages/ur5_motion/__pycache__/ur5_fk.cpython-312.pyc
/home/shiva/sixDOF_robot_ws_full_checks/install/ur5_motion/lib/python3.12/site-packages/ur5_motion/__pycache__/ur5_ik.cpython-312.pyc
/home/shiva/sixDOF_robot_ws_full_checks/install/ur5_motion/share/ament_index/resource_index/packages/ur5_motion
/home/shiva/sixDOF_robot_ws_full_checks/install/ur5_motion/share/ur5_motion/package.xml
/home/shiva/sixDOF_robot_ws_full_checks/install/ur5_motion/share/ur5_motion/launch/ur5_full.launch.py
/home/shiva/sixDOF_robot_ws_full_checks/install/ur5_motion/share/ur5_motion/launch/ur5_demo.launch.py
/home/shiva/sixDOF_robot_ws_full_checks/install/ur5_motion/share/ur5_motion/launch/ur5_rviz_view.launch.py
/home/shiva/sixDOF_robot_ws_full_checks/install/ur5_motion/share/ur5_motion/launch/ur5.launch.py
/home/shiva/sixDOF_robot_ws_full_checks/install/ur5_motion/lib/python3.12/site-packages/ur5_motion-0.0.1-py3.12.egg-info/top_level.txt
/home/shiva/sixDOF_robot_ws_full_checks/install/ur5_motion/lib/python3.12/site-packages/ur5_motion-0.0.1-py3.12.egg-info/entry_points.txt
/home/shiva/sixDOF_robot_ws_full_checks/install/ur5_motion/lib/python3.12/site-packages/ur5_motion-0.0.1-py3.12.egg-info/dependency_links.txt
/home/shiva/sixDOF_robot_ws_full_checks/install/ur5_motion/lib/python3.12/site-packages/ur5_motion-0.0.1-py3.12.egg-info/SOURCES.txt
/home/shiva/sixDOF_robot_ws_full_checks/install/ur5_motion/lib/python3.12/site-packages/ur5_motion-0.0.1-py3.12.egg-info/zip-safe
/home/shiva/sixDOF_robot_ws_full_checks/install/ur5_motion/lib/python3.12/site-packages/ur5_motion-0.0.1-py3.12.egg-info/PKG-INFO
/home/shiva/sixDOF_robot_ws_full_checks/install/ur5_motion/lib/python3.12/site-packages/ur5_motion-0.0.1-py3.12.egg-info/requires.txt
/home/shiva/sixDOF_robot_ws_full_checks/install/ur5_motion/lib/ur5_motion/ur5_controller
