[7.180s] Invoking command in '/home/shiva/sixDOF_robot_ws_full_checks/src/ur5_motion': DEBUGINFOD_URLS=https://debuginfod.ubuntu.com PYTHONPATH=/home/shiva/sixDOF_robot_ws_full_checks/build/ur5_motion/prefix_override:/usr/lib/python3/dist-packages/colcon_core/task/python/colcon_distutils_commands:/home/shiva/sixDOF_robot_ws_full_checks/install/ur5_motion/lib/python3.12/site-packages:${PYTHONPATH} /usr/bin/python3 -W ignore:setup.py install is deprecated -W ignore:easy_install command is deprecated setup.py egg_info --egg-base ../../build/ur5_motion build --build-base /home/shiva/sixDOF_robot_ws_full_checks/build/ur5_motion/build install --record /home/shiva/sixDOF_robot_ws_full_checks/build/ur5_motion/install.log --single-version-externally-managed install_data
[7.580s] running egg_info
[7.610s] writing ../../build/ur5_motion/ur5_motion.egg-info/PKG-INFO
[7.610s] writing dependency_links to ../../build/ur5_motion/ur5_motion.egg-info/dependency_links.txt
[7.611s] writing entry points to ../../build/ur5_motion/ur5_motion.egg-info/entry_points.txt
[7.611s] writing requirements to ../../build/ur5_motion/ur5_motion.egg-info/requires.txt
[7.611s] writing top-level names to ../../build/ur5_motion/ur5_motion.egg-info/top_level.txt
[7.673s] reading manifest file '../../build/ur5_motion/ur5_motion.egg-info/SOURCES.txt'
[7.674s] writing manifest file '../../build/ur5_motion/ur5_motion.egg-info/SOURCES.txt'
[7.674s] running build
[7.675s] running build_py
[7.675s] copying ur5_motion/ur5_controller.py -> /home/shiva/sixDOF_robot_ws_full_checks/build/ur5_motion/build/lib/ur5_motion
[7.675s] copying ur5_motion/main.py -> /home/shiva/sixDOF_robot_ws_full_checks/build/ur5_motion/build/lib/ur5_motion
[7.676s] copying ur5_motion/conversions.py -> /home/shiva/sixDOF_robot_ws_full_checks/build/ur5_motion/build/lib/ur5_motion
[7.676s] copying ur5_motion/ur5_kinematics.py -> /home/shiva/sixDOF_robot_ws_full_checks/build/ur5_motion/build/lib/ur5_motion
[7.676s] copying ur5_motion/robot_description.py -> /home/shiva/sixDOF_robot_ws_full_checks/build/ur5_motion/build/lib/ur5_motion
[7.676s] copying ur5_motion/ur5_fk.py -> /home/shiva/sixDOF_robot_ws_full_checks/build/ur5_motion/build/lib/ur5_motion
[7.677s] copying ur5_motion/ur5_ik.py -> /home/shiva/sixDOF_robot_ws_full_checks/build/ur5_motion/build/lib/ur5_motion
[7.677s] running install
[7.684s] running install_lib
[7.715s] copying /home/shiva/sixDOF_robot_ws_full_checks/build/ur5_motion/build/lib/ur5_motion/ur5_controller.py -> /home/shiva/sixDOF_robot_ws_full_checks/install/ur5_motion/lib/python3.12/site-packages/ur5_motion
[7.716s] copying /home/shiva/sixDOF_robot_ws_full_checks/build/ur5_motion/build/lib/ur5_motion/main.py -> /home/shiva/sixDOF_robot_ws_full_checks/install/ur5_motion/lib/python3.12/site-packages/ur5_motion
[7.716s] copying /home/shiva/sixDOF_robot_ws_full_checks/build/ur5_motion/build/lib/ur5_motion/conversions.py -> /home/shiva/sixDOF_robot_ws_full_checks/install/ur5_motion/lib/python3.12/site-packages/ur5_motion
[7.716s] copying /home/shiva/sixDOF_robot_ws_full_checks/build/ur5_motion/build/lib/ur5_motion/ur5_kinematics.py -> /home/shiva/sixDOF_robot_ws_full_checks/install/ur5_motion/lib/python3.12/site-packages/ur5_motion
[7.717s] copying /home/shiva/sixDOF_robot_ws_full_checks/build/ur5_motion/build/lib/ur5_motion/robot_description.py -> /home/shiva/sixDOF_robot_ws_full_checks/install/ur5_motion/lib/python3.12/site-packages/ur5_motion
[7.717s] copying /home/shiva/sixDOF_robot_ws_full_checks/build/ur5_motion/build/lib/ur5_motion/ur5_fk.py -> /home/shiva/sixDOF_robot_ws_full_checks/install/ur5_motion/lib/python3.12/site-packages/ur5_motion
[7.717s] copying /home/shiva/sixDOF_robot_ws_full_checks/build/ur5_motion/build/lib/ur5_motion/ur5_ik.py -> /home/shiva/sixDOF_robot_ws_full_checks/install/ur5_motion/lib/python3.12/site-packages/ur5_motion
[7.718s] byte-compiling /home/shiva/sixDOF_robot_ws_full_checks/install/ur5_motion/lib/python3.12/site-packages/ur5_motion/ur5_controller.py to ur5_controller.cpython-312.pyc
[7.724s] byte-compiling /home/shiva/sixDOF_robot_ws_full_checks/install/ur5_motion/lib/python3.12/site-packages/ur5_motion/main.py to main.cpython-312.pyc
[7.725s] byte-compiling /home/shiva/sixDOF_robot_ws_full_checks/install/ur5_motion/lib/python3.12/site-packages/ur5_motion/conversions.py to conversions.cpython-312.pyc
[7.725s] byte-compiling /home/shiva/sixDOF_robot_ws_full_checks/install/ur5_motion/lib/python3.12/site-packages/ur5_motion/ur5_kinematics.py to ur5_kinematics.cpython-312.pyc
[7.727s] byte-compiling /home/shiva/sixDOF_robot_ws_full_checks/install/ur5_motion/lib/python3.12/site-packages/ur5_motion/robot_description.py to robot_description.cpython-312.pyc
[7.728s] byte-compiling /home/shiva/sixDOF_robot_ws_full_checks/install/ur5_motion/lib/python3.12/site-packages/ur5_motion/ur5_fk.py to ur5_fk.cpython-312.pyc
[7.729s] byte-compiling /home/shiva/sixDOF_robot_ws_full_checks/install/ur5_motion/lib/python3.12/site-packages/ur5_motion/ur5_ik.py to ur5_ik.cpython-312.pyc
[7.731s] running install_data
[7.731s] copying launch/ur5_full.launch.py -> /home/shiva/sixDOF_robot_ws_full_checks/install/ur5_motion/share/ur5_motion/launch
[7.732s] running install_egg_info
[7.764s] removing '/home/shiva/sixDOF_robot_ws_full_checks/install/ur5_motion/lib/python3.12/site-packages/ur5_motion-0.0.1-py3.12.egg-info' (and everything under it)
[7.765s] Copying ../../build/ur5_motion/ur5_motion.egg-info to /home/shiva/sixDOF_robot_ws_full_checks/install/ur5_motion/lib/python3.12/site-packages/ur5_motion-0.0.1-py3.12.egg-info
[7.766s] running install_scripts
[7.968s] Installing ur5_controller script to /home/shiva/sixDOF_robot_ws_full_checks/install/ur5_motion/lib/ur5_motion
[7.968s] writing list of installed files to '/home/shiva/sixDOF_robot_ws_full_checks/build/ur5_motion/install.log'
[8.012s] Invoked command in '/home/shiva/sixDOF_robot_ws_full_checks/src/ur5_motion' returned '0': DEBUGINFOD_URLS=https://debuginfod.ubuntu.com PYTHONPATH=/home/shiva/sixDOF_robot_ws_full_checks/build/ur5_motion/prefix_override:/usr/lib/python3/dist-packages/colcon_core/task/python/colcon_distutils_commands:/home/shiva/sixDOF_robot_ws_full_checks/install/ur5_motion/lib/python3.12/site-packages:${PYTHONPATH} /usr/bin/python3 -W ignore:setup.py install is deprecated -W ignore:easy_install command is deprecated setup.py egg_info --egg-base ../../build/ur5_motion build --build-base /home/shiva/sixDOF_robot_ws_full_checks/build/ur5_motion/build install --record /home/shiva/sixDOF_robot_ws_full_checks/build/ur5_motion/install.log --single-version-externally-managed install_data
