running egg_info
creating ../../build/ur5_motion/ur5_motion.egg-info
writing ../../build/ur5_motion/ur5_motion.egg-info/PKG-INFO
writing dependency_links to ../../build/ur5_motion/ur5_motion.egg-info/dependency_links.txt
writing entry points to ../../build/ur5_motion/ur5_motion.egg-info/entry_points.txt
writing requirements to ../../build/ur5_motion/ur5_motion.egg-info/requires.txt
writing top-level names to ../../build/ur5_motion/ur5_motion.egg-info/top_level.txt
writing manifest file '../../build/ur5_motion/ur5_motion.egg-info/SOURCES.txt'
reading manifest file '../../build/ur5_motion/ur5_motion.egg-info/SOURCES.txt'
writing manifest file '../../build/ur5_motion/ur5_motion.egg-info/SOURCES.txt'
running build
running build_py
creating /home/shiva/sixDOF_robot_ws_full_checks/build/ur5_motion/build
creating /home/shiva/sixDOF_robot_ws_full_checks/build/ur5_motion/build/lib
creating /home/shiva/sixDOF_robot_ws_full_checks/build/ur5_motion/build/lib/ur5_motion
copying ur5_motion/ur5_controller.py -> /home/shiva/sixDOF_robot_ws_full_checks/build/ur5_motion/build/lib/ur5_motion
copying ur5_motion/__init__.py -> /home/shiva/sixDOF_robot_ws_full_checks/build/ur5_motion/build/lib/ur5_motion
copying ur5_motion/main.py -> /home/shiva/sixDOF_robot_ws_full_checks/build/ur5_motion/build/lib/ur5_motion
copying ur5_motion/ur5_controller_gui.py -> /home/shiva/sixDOF_robot_ws_full_checks/build/ur5_motion/build/lib/ur5_motion
copying ur5_motion/conversions.py -> /home/shiva/sixDOF_robot_ws_full_checks/build/ur5_motion/build/lib/ur5_motion
copying ur5_motion/robot_description.py -> /home/shiva/sixDOF_robot_ws_full_checks/build/ur5_motion/build/lib/ur5_motion
copying ur5_motion/ur5_fk.py -> /home/shiva/sixDOF_robot_ws_full_checks/build/ur5_motion/build/lib/ur5_motion
copying ur5_motion/ur5_ik.py -> /home/shiva/sixDOF_robot_ws_full_checks/build/ur5_motion/build/lib/ur5_motion
running install
running install_lib
creating /home/shiva/sixDOF_robot_ws_full_checks/install/ur5_motion/lib/python3.12/site-packages/ur5_motion
copying /home/shiva/sixDOF_robot_ws_full_checks/build/ur5_motion/build/lib/ur5_motion/ur5_controller.py -> /home/shiva/sixDOF_robot_ws_full_checks/install/ur5_motion/lib/python3.12/site-packages/ur5_motion
copying /home/shiva/sixDOF_robot_ws_full_checks/build/ur5_motion/build/lib/ur5_motion/__init__.py -> /home/shiva/sixDOF_robot_ws_full_checks/install/ur5_motion/lib/python3.12/site-packages/ur5_motion
copying /home/shiva/sixDOF_robot_ws_full_checks/build/ur5_motion/build/lib/ur5_motion/main.py -> /home/shiva/sixDOF_robot_ws_full_checks/install/ur5_motion/lib/python3.12/site-packages/ur5_motion
copying /home/shiva/sixDOF_robot_ws_full_checks/build/ur5_motion/build/lib/ur5_motion/ur5_controller_gui.py -> /home/shiva/sixDOF_robot_ws_full_checks/install/ur5_motion/lib/python3.12/site-packages/ur5_motion
copying /home/shiva/sixDOF_robot_ws_full_checks/build/ur5_motion/build/lib/ur5_motion/conversions.py -> /home/shiva/sixDOF_robot_ws_full_checks/install/ur5_motion/lib/python3.12/site-packages/ur5_motion
copying /home/shiva/sixDOF_robot_ws_full_checks/build/ur5_motion/build/lib/ur5_motion/robot_description.py -> /home/shiva/sixDOF_robot_ws_full_checks/install/ur5_motion/lib/python3.12/site-packages/ur5_motion
copying /home/shiva/sixDOF_robot_ws_full_checks/build/ur5_motion/build/lib/ur5_motion/ur5_fk.py -> /home/shiva/sixDOF_robot_ws_full_checks/install/ur5_motion/lib/python3.12/site-packages/ur5_motion
copying /home/shiva/sixDOF_robot_ws_full_checks/build/ur5_motion/build/lib/ur5_motion/ur5_ik.py -> /home/shiva/sixDOF_robot_ws_full_checks/install/ur5_motion/lib/python3.12/site-packages/ur5_motion
byte-compiling /home/shiva/sixDOF_robot_ws_full_checks/install/ur5_motion/lib/python3.12/site-packages/ur5_motion/ur5_controller.py to ur5_controller.cpython-312.pyc
byte-compiling /home/shiva/sixDOF_robot_ws_full_checks/install/ur5_motion/lib/python3.12/site-packages/ur5_motion/__init__.py to __init__.cpython-312.pyc
byte-compiling /home/shiva/sixDOF_robot_ws_full_checks/install/ur5_motion/lib/python3.12/site-packages/ur5_motion/main.py to main.cpython-312.pyc
byte-compiling /home/shiva/sixDOF_robot_ws_full_checks/install/ur5_motion/lib/python3.12/site-packages/ur5_motion/ur5_controller_gui.py to ur5_controller_gui.cpython-312.pyc
byte-compiling /home/shiva/sixDOF_robot_ws_full_checks/install/ur5_motion/lib/python3.12/site-packages/ur5_motion/conversions.py to conversions.cpython-312.pyc
byte-compiling /home/shiva/sixDOF_robot_ws_full_checks/install/ur5_motion/lib/python3.12/site-packages/ur5_motion/robot_description.py to robot_description.cpython-312.pyc
byte-compiling /home/shiva/sixDOF_robot_ws_full_checks/install/ur5_motion/lib/python3.12/site-packages/ur5_motion/ur5_fk.py to ur5_fk.cpython-312.pyc
byte-compiling /home/shiva/sixDOF_robot_ws_full_checks/install/ur5_motion/lib/python3.12/site-packages/ur5_motion/ur5_ik.py to ur5_ik.cpython-312.pyc
running install_data
creating /home/shiva/sixDOF_robot_ws_full_checks/install/ur5_motion/share/ament_index
creating /home/shiva/sixDOF_robot_ws_full_checks/install/ur5_motion/share/ament_index/resource_index
creating /home/shiva/sixDOF_robot_ws_full_checks/install/ur5_motion/share/ament_index/resource_index/packages
copying resource/ur5_motion -> /home/shiva/sixDOF_robot_ws_full_checks/install/ur5_motion/share/ament_index/resource_index/packages
copying package.xml -> /home/shiva/sixDOF_robot_ws_full_checks/install/ur5_motion/share/ur5_motion
creating /home/shiva/sixDOF_robot_ws_full_checks/install/ur5_motion/share/ur5_motion/launch
copying launch/ur5_full.launch.py -> /home/shiva/sixDOF_robot_ws_full_checks/install/ur5_motion/share/ur5_motion/launch
copying launch/ur5_demo.launch.py -> /home/shiva/sixDOF_robot_ws_full_checks/install/ur5_motion/share/ur5_motion/launch
copying launch/ur5_rviz_view.launch.py -> /home/shiva/sixDOF_robot_ws_full_checks/install/ur5_motion/share/ur5_motion/launch
copying launch/ur5.launch.py -> /home/shiva/sixDOF_robot_ws_full_checks/install/ur5_motion/share/ur5_motion/launch
running install_egg_info
Copying ../../build/ur5_motion/ur5_motion.egg-info to /home/shiva/sixDOF_robot_ws_full_checks/install/ur5_motion/lib/python3.12/site-packages/ur5_motion-0.0.1-py3.12.egg-info
running install_scripts
Installing ur5_controller script to /home/shiva/sixDOF_robot_ws_full_checks/install/ur5_motion/lib/ur5_motion
writing list of installed files to '/home/shiva/sixDOF_robot_ws_full_checks/build/ur5_motion/install.log'
