[0.046s] Invoking command in '/home/shiva/sixDOF_robot_ws_full_checks/build/ur_robot_driver': AMENT_PREFIX_PATH=/home/shiva/sixDOF_robot_ws_full_checks/install/ur_controllers:/home/shiva/sixDOF_robot_ws_full_checks/install/ur_dashboard_msgs:${AMENT_PREFIX_PATH} CMAKE_PREFIX_PATH=/home/shiva/sixDOF_robot_ws_full_checks/install/ur_controllers:/home/shiva/sixDOF_robot_ws_full_checks/install/ur_dashboard_msgs:/home/shiva/ur5_ws/install/ur_moveit_config:/home/shiva/moveit2_ws/install/pilz_industrial_motion_planner_testutils:/home/shiva/moveit2_ws/install/moveit_runtime:/home/shiva/moveit2_ws/install/moveit:/home/shiva/moveit2_ws/install/moveit_planners:/home/shiva/moveit2_ws/install/pilz_industrial_motion_planner:/home/shiva/moveit2_ws/install/moveit_ros_control_interface:/home/shiva/moveit2_ws/install/moveit_plugins:/home/shiva/moveit2_ws/install/moveit_simple_controller_manager:/home/shiva/moveit2_ws/install/moveit_setup_assistant:/home/shiva/moveit2_ws/install/moveit_setup_srdf_plugins:/home/shiva/moveit2_ws/install/moveit_setup_core_plugins:/home/shiva/moveit2_ws/install/moveit_setup_controllers:/home/shiva/moveit2_ws/install/moveit_setup_app_plugins:/home/shiva/moveit2_ws/install/moveit_setup_framework:/home/shiva/moveit2_ws/install/moveit_servo:/home/shiva/moveit2_ws/install/moveit_ros_trajectory_cache:/home/shiva/moveit2_ws/install/moveit_ros:/home/shiva/moveit2_ws/install/moveit_ros_visualization:/home/shiva/moveit2_ws/install/moveit_py:/home/shiva/moveit2_ws/install/moveit_hybrid_planning:/home/shiva/moveit2_ws/install/moveit_ros_planning_interface:/home/shiva/moveit2_ws/install/moveit_ros_benchmarks:/home/shiva/moveit2_ws/install/moveit_ros_warehouse:/home/shiva/moveit2_ws/install/moveit_ros_robot_interaction:/home/shiva/moveit2_ws/install/moveit_ros_perception:/home/shiva/moveit2_ws/install/moveit_resources_prbt_pg70_support:/home/shiva/moveit2_ws/install/moveit_resources_prbt_moveit_config:/home/shiva/moveit2_ws/install/moveit_ros_move_group:/home/shiva/moveit2_ws/install/moveit_planners_ompl:/home/shiva/moveit2_ws/install/moveit_kinematics:/home/shiva/moveit2_ws/install/moveit_ros_planning:/home/shiva/moveit2_ws/install/moveit_ros_occupancy_map_monitor:/home/shiva/moveit2_ws/install/moveit_resources_prbt_support:/home/shiva/moveit2_ws/install/moveit_resources_prbt_ikfast_manipulator_plugin:/home/shiva/moveit2_ws/install/moveit_resources:/home/shiva/moveit2_ws/install/moveit_resources_pr2_description:/home/shiva/moveit2_ws/install/moveit_resources_panda_moveit_config:/home/shiva/moveit2_ws/install/dual_arm_panda_moveit_config:/home/shiva/moveit2_ws/install/moveit_resources_panda_description:/home/shiva/moveit2_ws/install/moveit_resources_fanuc_moveit_config:/home/shiva/moveit2_ws/install/moveit_resources_fanuc_description:/home/shiva/moveit2_ws/install/moveit_planners_stomp:/home/shiva/moveit2_ws/install/moveit_planners_chomp:/home/shiva/moveit2_ws/install/chomp_motion_planner:/home/shiva/moveit2_ws/install/moveit_core:/home/shiva/moveit2_ws/install/moveit_msgs:/home/shiva/moveit2_ws/install/moveit_common:/home/shiva/ur5_demo_ws/install/ur:/home/shiva/ur5_demo_ws/install/ur_calibration:/home/shiva/ur5_demo_ws/install/ur_robot_driver:/home/shiva/ur5_demo_ws/install/ur_moveit_config:/home/shiva/ur5_demo_ws/install/ur_controllers:/home/shiva/ur5_demo_ws/install/ur_dashboard_msgs:/opt/ros/jazzy/opt/sdformat_vendor:/opt/ros/jazzy/opt/gz_math_vendor:/opt/ros/jazzy/opt/gz_utils_vendor:/opt/ros/jazzy/opt/gz_tools_vendor:/opt/ros/jazzy/opt/gz_cmake_vendor:/home/shiva/ur5_ws/install/ur5_sim_py_node:/home/shiva/moveit2_ws/install/moveit_configs_utils:/opt/ros/jazzy DEBUGINFOD_URLS=https://debuginfod.ubuntu.com LD_LIBRARY_PATH=/home/shiva/sixDOF_robot_ws_full_checks/install/ur_controllers/lib:/home/shiva/sixDOF_robot_ws_full_checks/install/ur_dashboard_msgs/lib:${LD_LIBRARY_PATH} PYTHONPATH=/home/shiva/sixDOF_robot_ws_full_checks/install/ur_dashboard_msgs/lib/python3.12/site-packages:${PYTHONPATH} /usr/bin/cmake /home/shiva/sixDOF_robot_ws_full_checks/src/Universal_Robots_ROS2_Driver/ur_robot_driver -DCMAKE_INSTALL_PREFIX=/home/shiva/sixDOF_robot_ws_full_checks/install/ur_robot_driver
[0.171s] -- The C compiler identification is GNU 13.3.0
[0.291s] -- The CXX compiler identification is GNU 13.3.0
[0.338s] -- Detecting C compiler ABI info
[0.566s] -- Detecting C compiler ABI info - done
[0.581s] -- Check for working C compiler: /usr/bin/cc - skipped
[0.582s] -- Detecting C compile features
[0.582s] -- Detecting C compile features - done
[0.610s] -- Detecting CXX compiler ABI info
[0.865s] -- Detecting CXX compiler ABI info - done
[0.896s] -- Check for working CXX compiler: /usr/bin/c++ - skipped
[0.897s] -- Detecting CXX compile features
[0.898s] -- Detecting CXX compile features - done
[0.900s] [0mur_robot_driver: You did not request a specific build type: selecting 'RelWithDebInfo'.[0m
[0.916s] -- Found ament_cmake: 2.5.4 (/opt/ros/jazzy/share/ament_cmake/cmake)
[1.252s] -- Found Python3: /usr/bin/python3 (found version "3.12.3") found components: Interpreter 
[1.614s] -- Found controller_manager: 4.35.0 (/opt/ros/jazzy/share/controller_manager/cmake)
[1.791s] -- Found rosidl_generator_c: 4.6.6 (/opt/ros/jazzy/share/rosidl_generator_c/cmake)
[1.834s] -- Found rosidl_generator_cpp: 4.6.6 (/opt/ros/jazzy/share/rosidl_generator_cpp/cmake)
[1.885s] -- Using all available rosidl_typesupport_c: rosidl_typesupport_fastrtps_c;rosidl_typesupport_introspection_c
[1.938s] -- Using all available rosidl_typesupport_cpp: rosidl_typesupport_fastrtps_cpp;rosidl_typesupport_introspection_cpp
[2.152s] -- Found rmw_implementation_cmake: 7.3.2 (/opt/ros/jazzy/share/rmw_implementation_cmake/cmake)
[2.168s] -- Found rmw_fastrtps_cpp: 8.4.3 (/opt/ros/jazzy/share/rmw_fastrtps_cpp/cmake)
[2.459s] -- Found OpenSSL: /usr/lib/x86_64-linux-gnu/libcrypto.so (found version "3.0.13")  
[2.501s] -- Found FastRTPS: /opt/ros/jazzy/include (Required is at least version "2.13") 
[2.547s] -- Using RMW implementation 'rmw_fastrtps_cpp' as default
[3.857s] -- Found std_srvs: 5.3.6 (/opt/ros/jazzy/share/std_srvs/cmake)
[3.889s] -- Found tf2_geometry_msgs: 0.36.14 (/opt/ros/jazzy/share/tf2_geometry_msgs/cmake)
[3.927s] -- Found eigen3_cmake_module: 0.3.0 (/opt/ros/jazzy/share/eigen3_cmake_module/cmake)
[3.929s] -- Found Eigen3: TRUE (found version "3.4.0") 
[3.929s] -- Ensuring Eigen3 include directory is part of orocos-kdl CMake target
[4.099s] -- Found ur_dashboard_msgs: 3.3.3 (/home/shiva/sixDOF_robot_ws_full_checks/install/ur_dashboard_msgs/share/ur_dashboard_msgs/cmake)
[4.155s] -- Found ur_msgs: 2.3.0 (/opt/ros/jazzy/share/ur_msgs/cmake)
[4.759s] -- Found ur_controllers: 3.3.3 (/home/shiva/sixDOF_robot_ws_full_checks/install/ur_controllers/share/ur_controllers/cmake)
[4.990s] -- Found ur_description: 3.2.0 (/opt/ros/jazzy/share/ur_description/cmake)
[5.019s] -- Found launch_testing_ament_cmake: 3.4.6 (/opt/ros/jazzy/share/launch_testing_ament_cmake/cmake)
[5.033s] -- Found python_cmake_module: 0.11.1 (/opt/ros/jazzy/share/python_cmake_module/cmake)
[5.294s] -- Found PythonExtra: /usr/bin/python3  
[5.297s] -- Configuring done (5.2s)
[5.474s] -- Generating done (0.1s)
[5.501s] -- Build files have been written to: /home/shiva/sixDOF_robot_ws_full_checks/build/ur_robot_driver
[5.527s] Invoked command in '/home/shiva/sixDOF_robot_ws_full_checks/build/ur_robot_driver' returned '0': AMENT_PREFIX_PATH=/home/shiva/sixDOF_robot_ws_full_checks/install/ur_controllers:/home/shiva/sixDOF_robot_ws_full_checks/install/ur_dashboard_msgs:${AMENT_PREFIX_PATH} CMAKE_PREFIX_PATH=/home/shiva/sixDOF_robot_ws_full_checks/install/ur_controllers:/home/shiva/sixDOF_robot_ws_full_checks/install/ur_dashboard_msgs:/home/shiva/ur5_ws/install/ur_moveit_config:/home/shiva/moveit2_ws/install/pilz_industrial_motion_planner_testutils:/home/shiva/moveit2_ws/install/moveit_runtime:/home/shiva/moveit2_ws/install/moveit:/home/shiva/moveit2_ws/install/moveit_planners:/home/shiva/moveit2_ws/install/pilz_industrial_motion_planner:/home/shiva/moveit2_ws/install/moveit_ros_control_interface:/home/shiva/moveit2_ws/install/moveit_plugins:/home/shiva/moveit2_ws/install/moveit_simple_controller_manager:/home/shiva/moveit2_ws/install/moveit_setup_assistant:/home/shiva/moveit2_ws/install/moveit_setup_srdf_plugins:/home/shiva/moveit2_ws/install/moveit_setup_core_plugins:/home/shiva/moveit2_ws/install/moveit_setup_controllers:/home/shiva/moveit2_ws/install/moveit_setup_app_plugins:/home/shiva/moveit2_ws/install/moveit_setup_framework:/home/shiva/moveit2_ws/install/moveit_servo:/home/shiva/moveit2_ws/install/moveit_ros_trajectory_cache:/home/shiva/moveit2_ws/install/moveit_ros:/home/shiva/moveit2_ws/install/moveit_ros_visualization:/home/shiva/moveit2_ws/install/moveit_py:/home/shiva/moveit2_ws/install/moveit_hybrid_planning:/home/shiva/moveit2_ws/install/moveit_ros_planning_interface:/home/shiva/moveit2_ws/install/moveit_ros_benchmarks:/home/shiva/moveit2_ws/install/moveit_ros_warehouse:/home/shiva/moveit2_ws/install/moveit_ros_robot_interaction:/home/shiva/moveit2_ws/install/moveit_ros_perception:/home/shiva/moveit2_ws/install/moveit_resources_prbt_pg70_support:/home/shiva/moveit2_ws/install/moveit_resources_prbt_moveit_config:/home/shiva/moveit2_ws/install/moveit_ros_move_group:/home/shiva/moveit2_ws/install/moveit_planners_ompl:/home/shiva/moveit2_ws/install/moveit_kinematics:/home/shiva/moveit2_ws/install/moveit_ros_planning:/home/shiva/moveit2_ws/install/moveit_ros_occupancy_map_monitor:/home/shiva/moveit2_ws/install/moveit_resources_prbt_support:/home/shiva/moveit2_ws/install/moveit_resources_prbt_ikfast_manipulator_plugin:/home/shiva/moveit2_ws/install/moveit_resources:/home/shiva/moveit2_ws/install/moveit_resources_pr2_description:/home/shiva/moveit2_ws/install/moveit_resources_panda_moveit_config:/home/shiva/moveit2_ws/install/dual_arm_panda_moveit_config:/home/shiva/moveit2_ws/install/moveit_resources_panda_description:/home/shiva/moveit2_ws/install/moveit_resources_fanuc_moveit_config:/home/shiva/moveit2_ws/install/moveit_resources_fanuc_description:/home/shiva/moveit2_ws/install/moveit_planners_stomp:/home/shiva/moveit2_ws/install/moveit_planners_chomp:/home/shiva/moveit2_ws/install/chomp_motion_planner:/home/shiva/moveit2_ws/install/moveit_core:/home/shiva/moveit2_ws/install/moveit_msgs:/home/shiva/moveit2_ws/install/moveit_common:/home/shiva/ur5_demo_ws/install/ur:/home/shiva/ur5_demo_ws/install/ur_calibration:/home/shiva/ur5_demo_ws/install/ur_robot_driver:/home/shiva/ur5_demo_ws/install/ur_moveit_config:/home/shiva/ur5_demo_ws/install/ur_controllers:/home/shiva/ur5_demo_ws/install/ur_dashboard_msgs:/opt/ros/jazzy/opt/sdformat_vendor:/opt/ros/jazzy/opt/gz_math_vendor:/opt/ros/jazzy/opt/gz_utils_vendor:/opt/ros/jazzy/opt/gz_tools_vendor:/opt/ros/jazzy/opt/gz_cmake_vendor:/home/shiva/ur5_ws/install/ur5_sim_py_node:/home/shiva/moveit2_ws/install/moveit_configs_utils:/opt/ros/jazzy DEBUGINFOD_URLS=https://debuginfod.ubuntu.com LD_LIBRARY_PATH=/home/shiva/sixDOF_robot_ws_full_checks/install/ur_controllers/lib:/home/shiva/sixDOF_robot_ws_full_checks/install/ur_dashboard_msgs/lib:${LD_LIBRARY_PATH} PYTHONPATH=/home/shiva/sixDOF_robot_ws_full_checks/install/ur_dashboard_msgs/lib/python3.12/site-packages:${PYTHONPATH} /usr/bin/cmake /home/shiva/sixDOF_robot_ws_full_checks/src/Universal_Robots_ROS2_Driver/ur_robot_driver -DCMAKE_INSTALL_PREFIX=/home/shiva/sixDOF_robot_ws_full_checks/install/ur_robot_driver
[5.529s] Invoking command in '/home/shiva/sixDOF_robot_ws_full_checks/build/ur_robot_driver': AMENT_PREFIX_PATH=/home/shiva/sixDOF_robot_ws_full_checks/install/ur_controllers:/home/shiva/sixDOF_robot_ws_full_checks/install/ur_dashboard_msgs:${AMENT_PREFIX_PATH} CMAKE_PREFIX_PATH=/home/shiva/sixDOF_robot_ws_full_checks/install/ur_controllers:/home/shiva/sixDOF_robot_ws_full_checks/install/ur_dashboard_msgs:/home/shiva/ur5_ws/install/ur_moveit_config:/home/shiva/moveit2_ws/install/pilz_industrial_motion_planner_testutils:/home/shiva/moveit2_ws/install/moveit_runtime:/home/shiva/moveit2_ws/install/moveit:/home/shiva/moveit2_ws/install/moveit_planners:/home/shiva/moveit2_ws/install/pilz_industrial_motion_planner:/home/shiva/moveit2_ws/install/moveit_ros_control_interface:/home/shiva/moveit2_ws/install/moveit_plugins:/home/shiva/moveit2_ws/install/moveit_simple_controller_manager:/home/shiva/moveit2_ws/install/moveit_setup_assistant:/home/shiva/moveit2_ws/install/moveit_setup_srdf_plugins:/home/shiva/moveit2_ws/install/moveit_setup_core_plugins:/home/shiva/moveit2_ws/install/moveit_setup_controllers:/home/shiva/moveit2_ws/install/moveit_setup_app_plugins:/home/shiva/moveit2_ws/install/moveit_setup_framework:/home/shiva/moveit2_ws/install/moveit_servo:/home/shiva/moveit2_ws/install/moveit_ros_trajectory_cache:/home/shiva/moveit2_ws/install/moveit_ros:/home/shiva/moveit2_ws/install/moveit_ros_visualization:/home/shiva/moveit2_ws/install/moveit_py:/home/shiva/moveit2_ws/install/moveit_hybrid_planning:/home/shiva/moveit2_ws/install/moveit_ros_planning_interface:/home/shiva/moveit2_ws/install/moveit_ros_benchmarks:/home/shiva/moveit2_ws/install/moveit_ros_warehouse:/home/shiva/moveit2_ws/install/moveit_ros_robot_interaction:/home/shiva/moveit2_ws/install/moveit_ros_perception:/home/shiva/moveit2_ws/install/moveit_resources_prbt_pg70_support:/home/shiva/moveit2_ws/install/moveit_resources_prbt_moveit_config:/home/shiva/moveit2_ws/install/moveit_ros_move_group:/home/shiva/moveit2_ws/install/moveit_planners_ompl:/home/shiva/moveit2_ws/install/moveit_kinematics:/home/shiva/moveit2_ws/install/moveit_ros_planning:/home/shiva/moveit2_ws/install/moveit_ros_occupancy_map_monitor:/home/shiva/moveit2_ws/install/moveit_resources_prbt_support:/home/shiva/moveit2_ws/install/moveit_resources_prbt_ikfast_manipulator_plugin:/home/shiva/moveit2_ws/install/moveit_resources:/home/shiva/moveit2_ws/install/moveit_resources_pr2_description:/home/shiva/moveit2_ws/install/moveit_resources_panda_moveit_config:/home/shiva/moveit2_ws/install/dual_arm_panda_moveit_config:/home/shiva/moveit2_ws/install/moveit_resources_panda_description:/home/shiva/moveit2_ws/install/moveit_resources_fanuc_moveit_config:/home/shiva/moveit2_ws/install/moveit_resources_fanuc_description:/home/shiva/moveit2_ws/install/moveit_planners_stomp:/home/shiva/moveit2_ws/install/moveit_planners_chomp:/home/shiva/moveit2_ws/install/chomp_motion_planner:/home/shiva/moveit2_ws/install/moveit_core:/home/shiva/moveit2_ws/install/moveit_msgs:/home/shiva/moveit2_ws/install/moveit_common:/home/shiva/ur5_demo_ws/install/ur:/home/shiva/ur5_demo_ws/install/ur_calibration:/home/shiva/ur5_demo_ws/install/ur_robot_driver:/home/shiva/ur5_demo_ws/install/ur_moveit_config:/home/shiva/ur5_demo_ws/install/ur_controllers:/home/shiva/ur5_demo_ws/install/ur_dashboard_msgs:/opt/ros/jazzy/opt/sdformat_vendor:/opt/ros/jazzy/opt/gz_math_vendor:/opt/ros/jazzy/opt/gz_utils_vendor:/opt/ros/jazzy/opt/gz_tools_vendor:/opt/ros/jazzy/opt/gz_cmake_vendor:/home/shiva/ur5_ws/install/ur5_sim_py_node:/home/shiva/moveit2_ws/install/moveit_configs_utils:/opt/ros/jazzy DEBUGINFOD_URLS=https://debuginfod.ubuntu.com LD_LIBRARY_PATH=/home/shiva/sixDOF_robot_ws_full_checks/install/ur_controllers/lib:/home/shiva/sixDOF_robot_ws_full_checks/install/ur_dashboard_msgs/lib:${LD_LIBRARY_PATH} PYTHONPATH=/home/shiva/sixDOF_robot_ws_full_checks/install/ur_dashboard_msgs/lib/python3.12/site-packages:${PYTHONPATH} /usr/bin/cmake --build /home/shiva/sixDOF_robot_ws_full_checks/build/ur_robot_driver -- -j8 -l8
[5.680s] [  5%] [32mBuilding CXX object CMakeFiles/ur_robot_driver_plugin.dir/src/dashboard_client_ros.cpp.o[0m
[5.683s] [ 11%] [32mBuilding CXX object CMakeFiles/urscript_interface.dir/src/urscript_interface.cpp.o[0m
[5.684s] [ 22%] [32mBuilding CXX object CMakeFiles/controller_stopper_node.dir/src/controller_stopper.cpp.o[0m
[5.685s] [ 22%] [32mBuilding CXX object CMakeFiles/ur_robot_driver_plugin.dir/src/urcl_log_handler.cpp.o[0m
[5.691s] [ 33%] [32mBuilding CXX object CMakeFiles/robot_state_helper.dir/src/robot_state_helper.cpp.o[0m
[5.692s] [ 33%] [32mBuilding CXX object CMakeFiles/ur_robot_driver_plugin.dir/src/hardware_interface.cpp.o[0m
[5.696s] [ 38%] [32mBuilding CXX object CMakeFiles/dashboard_client.dir/src/dashboard_client_ros.cpp.o[0m
[5.735s] [ 38%] Built target ament_cmake_python_copy_ur_robot_driver
[5.767s] [ 44%] [32mBuilding CXX object CMakeFiles/robot_state_helper.dir/src/robot_state_helper_node.cpp.o[0m
[7.799s] [ 50%] [32mBuilding CXX object CMakeFiles/robot_state_helper.dir/src/urcl_log_handler.cpp.o[0m
[10.350s] [ 55%] [32mBuilding CXX object CMakeFiles/controller_stopper_node.dir/src/controller_stopper_node.cpp.o[0m
[18.705s] [01m[K/home/shiva/sixDOF_robot_ws_full_checks/src/Universal_Robots_ROS2_Driver/ur_robot_driver/src/hardware_interface.cpp:[m[K In member function ‘[01m[Kvirtual hardware_interface::CallbackReturn ur_robot_driver::URPositionHardwareInterface::[01;32m[Kon_init[m[K(const hardware_interface::HardwareInfo&)[m[K’:
[18.706s] [01m[K/home/shiva/sixDOF_robot_ws_full_checks/src/Universal_Robots_ROS2_Driver/ur_robot_driver/src/hardware_interface.cpp:106:51:[m[K [01;35m[Kwarning: [m[K‘[01m[Kvirtual rclcpp_lifecycle::node_interfaces::LifecycleNodeInterface::CallbackReturn hardware_interface::SystemInterface::[01;32m[Kon_init[m[K(const hardware_interface::HardwareInfo&)[m[K’ is deprecated: Use on_init(const HardwareComponentInterfaceParams & params) instead. [[01;35m[K]8;;https://gcc.gnu.org/onlinedocs/gcc/Warning-Options.html#index-Wdeprecated-declarations-Wdeprecated-declarations]8;;[m[K]
[18.706s]   106 |   if ([01;35m[Khardware_interface::SystemInterface::on_init(system_info)[m[K != hardware_interface::CallbackReturn::SUCCESS) {
[18.706s]       |       [01;35m[K~~~~~~~~~~~~~~~~~~~~~~~~~~~~~~~~~~~~~~~~~~~~^~~~~~~~~~~~~[m[K
[18.707s] In file included from [01m[K/home/shiva/sixDOF_robot_ws_full_checks/src/Universal_Robots_ROS2_Driver/ur_robot_driver/include/ur_robot_driver/hardware_interface.hpp:51[m[K,
[18.707s]                  from [01m[K/home/shiva/sixDOF_robot_ws_full_checks/src/Universal_Robots_ROS2_Driver/ur_robot_driver/src/hardware_interface.cpp:52[m[K:
[18.707s] [01m[K/opt/ros/jazzy/include/hardware_interface/hardware_interface/system_interface.hpp:243:26:[m[K [01;36m[Knote: [m[Kdeclared here
[18.708s]   243 |   virtual CallbackReturn [01;36m[Kon_init[m[K(const HardwareInfo & hardware_info)
[18.708s]       |                          [01;36m[K^~~~~~~[m[K
[18.898s] [ 61%] [32mBuilding CXX object CMakeFiles/dashboard_client.dir/src/dashboard_client_node.cpp.o[0m
[24.313s] running egg_info
[24.316s] creating ur_robot_driver.egg-info
[24.409s] writing ur_robot_driver.egg-info/PKG-INFO
[24.411s] writing dependency_links to ur_robot_driver.egg-info/dependency_links.txt
[24.412s] writing top-level names to ur_robot_driver.egg-info/top_level.txt
[24.412s] writing manifest file 'ur_robot_driver.egg-info/SOURCES.txt'
[24.764s] reading manifest file 'ur_robot_driver.egg-info/SOURCES.txt'
[24.767s] writing manifest file 'ur_robot_driver.egg-info/SOURCES.txt'
[24.894s] [ 61%] Built target ament_cmake_python_build_ur_robot_driver_egg
[24.931s] [ 66%] [32mBuilding CXX object CMakeFiles/dashboard_client.dir/src/urcl_log_handler.cpp.o[0m
[27.732s] [ 72%] [32mBuilding CXX object CMakeFiles/ur_robot_driver_plugin.dir/src/robot_state_helper.cpp.o[0m
[43.301s] [ 77%] [32m[1mLinking CXX executable urscript_interface[0m
[46.866s] [ 77%] Built target urscript_interface
[50.993s] [ 83%] [32m[1mLinking CXX executable controller_stopper_node[0m
[52.076s] [ 83%] Built target controller_stopper_node
[59.467s] [ 88%] [32m[1mLinking CXX executable dashboard_client[0m
[60.385s] [ 88%] Built target dashboard_client
[67.644s] [ 94%] [32m[1mLinking CXX executable robot_state_helper[0m
[68.730s] [ 94%] Built target robot_state_helper
[78.578s] [100%] [32m[1mLinking CXX shared library libur_robot_driver_plugin.so[0m
[79.919s] [100%] Built target ur_robot_driver_plugin
[79.949s] Invoked command in '/home/shiva/sixDOF_robot_ws_full_checks/build/ur_robot_driver' returned '0': AMENT_PREFIX_PATH=/home/shiva/sixDOF_robot_ws_full_checks/install/ur_controllers:/home/shiva/sixDOF_robot_ws_full_checks/install/ur_dashboard_msgs:${AMENT_PREFIX_PATH} CMAKE_PREFIX_PATH=/home/shiva/sixDOF_robot_ws_full_checks/install/ur_controllers:/home/shiva/sixDOF_robot_ws_full_checks/install/ur_dashboard_msgs:/home/shiva/ur5_ws/install/ur_moveit_config:/home/shiva/moveit2_ws/install/pilz_industrial_motion_planner_testutils:/home/shiva/moveit2_ws/install/moveit_runtime:/home/shiva/moveit2_ws/install/moveit:/home/shiva/moveit2_ws/install/moveit_planners:/home/shiva/moveit2_ws/install/pilz_industrial_motion_planner:/home/shiva/moveit2_ws/install/moveit_ros_control_interface:/home/shiva/moveit2_ws/install/moveit_plugins:/home/shiva/moveit2_ws/install/moveit_simple_controller_manager:/home/shiva/moveit2_ws/install/moveit_setup_assistant:/home/shiva/moveit2_ws/install/moveit_setup_srdf_plugins:/home/shiva/moveit2_ws/install/moveit_setup_core_plugins:/home/shiva/moveit2_ws/install/moveit_setup_controllers:/home/shiva/moveit2_ws/install/moveit_setup_app_plugins:/home/shiva/moveit2_ws/install/moveit_setup_framework:/home/shiva/moveit2_ws/install/moveit_servo:/home/shiva/moveit2_ws/install/moveit_ros_trajectory_cache:/home/shiva/moveit2_ws/install/moveit_ros:/home/shiva/moveit2_ws/install/moveit_ros_visualization:/home/shiva/moveit2_ws/install/moveit_py:/home/shiva/moveit2_ws/install/moveit_hybrid_planning:/home/shiva/moveit2_ws/install/moveit_ros_planning_interface:/home/shiva/moveit2_ws/install/moveit_ros_benchmarks:/home/shiva/moveit2_ws/install/moveit_ros_warehouse:/home/shiva/moveit2_ws/install/moveit_ros_robot_interaction:/home/shiva/moveit2_ws/install/moveit_ros_perception:/home/shiva/moveit2_ws/install/moveit_resources_prbt_pg70_support:/home/shiva/moveit2_ws/install/moveit_resources_prbt_moveit_config:/home/shiva/moveit2_ws/install/moveit_ros_move_group:/home/shiva/moveit2_ws/install/moveit_planners_ompl:/home/shiva/moveit2_ws/install/moveit_kinematics:/home/shiva/moveit2_ws/install/moveit_ros_planning:/home/shiva/moveit2_ws/install/moveit_ros_occupancy_map_monitor:/home/shiva/moveit2_ws/install/moveit_resources_prbt_support:/home/shiva/moveit2_ws/install/moveit_resources_prbt_ikfast_manipulator_plugin:/home/shiva/moveit2_ws/install/moveit_resources:/home/shiva/moveit2_ws/install/moveit_resources_pr2_description:/home/shiva/moveit2_ws/install/moveit_resources_panda_moveit_config:/home/shiva/moveit2_ws/install/dual_arm_panda_moveit_config:/home/shiva/moveit2_ws/install/moveit_resources_panda_description:/home/shiva/moveit2_ws/install/moveit_resources_fanuc_moveit_config:/home/shiva/moveit2_ws/install/moveit_resources_fanuc_description:/home/shiva/moveit2_ws/install/moveit_planners_stomp:/home/shiva/moveit2_ws/install/moveit_planners_chomp:/home/shiva/moveit2_ws/install/chomp_motion_planner:/home/shiva/moveit2_ws/install/moveit_core:/home/shiva/moveit2_ws/install/moveit_msgs:/home/shiva/moveit2_ws/install/moveit_common:/home/shiva/ur5_demo_ws/install/ur:/home/shiva/ur5_demo_ws/install/ur_calibration:/home/shiva/ur5_demo_ws/install/ur_robot_driver:/home/shiva/ur5_demo_ws/install/ur_moveit_config:/home/shiva/ur5_demo_ws/install/ur_controllers:/home/shiva/ur5_demo_ws/install/ur_dashboard_msgs:/opt/ros/jazzy/opt/sdformat_vendor:/opt/ros/jazzy/opt/gz_math_vendor:/opt/ros/jazzy/opt/gz_utils_vendor:/opt/ros/jazzy/opt/gz_tools_vendor:/opt/ros/jazzy/opt/gz_cmake_vendor:/home/shiva/ur5_ws/install/ur5_sim_py_node:/home/shiva/moveit2_ws/install/moveit_configs_utils:/opt/ros/jazzy DEBUGINFOD_URLS=https://debuginfod.ubuntu.com LD_LIBRARY_PATH=/home/shiva/sixDOF_robot_ws_full_checks/install/ur_controllers/lib:/home/shiva/sixDOF_robot_ws_full_checks/install/ur_dashboard_msgs/lib:${LD_LIBRARY_PATH} PYTHONPATH=/home/shiva/sixDOF_robot_ws_full_checks/install/ur_dashboard_msgs/lib/python3.12/site-packages:${PYTHONPATH} /usr/bin/cmake --build /home/shiva/sixDOF_robot_ws_full_checks/build/ur_robot_driver -- -j8 -l8
[79.951s] Invoking command in '/home/shiva/sixDOF_robot_ws_full_checks/build/ur_robot_driver': AMENT_PREFIX_PATH=/home/shiva/sixDOF_robot_ws_full_checks/install/ur_controllers:/home/shiva/sixDOF_robot_ws_full_checks/install/ur_dashboard_msgs:${AMENT_PREFIX_PATH} CMAKE_PREFIX_PATH=/home/shiva/sixDOF_robot_ws_full_checks/install/ur_controllers:/home/shiva/sixDOF_robot_ws_full_checks/install/ur_dashboard_msgs:/home/shiva/ur5_ws/install/ur_moveit_config:/home/shiva/moveit2_ws/install/pilz_industrial_motion_planner_testutils:/home/shiva/moveit2_ws/install/moveit_runtime:/home/shiva/moveit2_ws/install/moveit:/home/shiva/moveit2_ws/install/moveit_planners:/home/shiva/moveit2_ws/install/pilz_industrial_motion_planner:/home/shiva/moveit2_ws/install/moveit_ros_control_interface:/home/shiva/moveit2_ws/install/moveit_plugins:/home/shiva/moveit2_ws/install/moveit_simple_controller_manager:/home/shiva/moveit2_ws/install/moveit_setup_assistant:/home/shiva/moveit2_ws/install/moveit_setup_srdf_plugins:/home/shiva/moveit2_ws/install/moveit_setup_core_plugins:/home/shiva/moveit2_ws/install/moveit_setup_controllers:/home/shiva/moveit2_ws/install/moveit_setup_app_plugins:/home/shiva/moveit2_ws/install/moveit_setup_framework:/home/shiva/moveit2_ws/install/moveit_servo:/home/shiva/moveit2_ws/install/moveit_ros_trajectory_cache:/home/shiva/moveit2_ws/install/moveit_ros:/home/shiva/moveit2_ws/install/moveit_ros_visualization:/home/shiva/moveit2_ws/install/moveit_py:/home/shiva/moveit2_ws/install/moveit_hybrid_planning:/home/shiva/moveit2_ws/install/moveit_ros_planning_interface:/home/shiva/moveit2_ws/install/moveit_ros_benchmarks:/home/shiva/moveit2_ws/install/moveit_ros_warehouse:/home/shiva/moveit2_ws/install/moveit_ros_robot_interaction:/home/shiva/moveit2_ws/install/moveit_ros_perception:/home/shiva/moveit2_ws/install/moveit_resources_prbt_pg70_support:/home/shiva/moveit2_ws/install/moveit_resources_prbt_moveit_config:/home/shiva/moveit2_ws/install/moveit_ros_move_group:/home/shiva/moveit2_ws/install/moveit_planners_ompl:/home/shiva/moveit2_ws/install/moveit_kinematics:/home/shiva/moveit2_ws/install/moveit_ros_planning:/home/shiva/moveit2_ws/install/moveit_ros_occupancy_map_monitor:/home/shiva/moveit2_ws/install/moveit_resources_prbt_support:/home/shiva/moveit2_ws/install/moveit_resources_prbt_ikfast_manipulator_plugin:/home/shiva/moveit2_ws/install/moveit_resources:/home/shiva/moveit2_ws/install/moveit_resources_pr2_description:/home/shiva/moveit2_ws/install/moveit_resources_panda_moveit_config:/home/shiva/moveit2_ws/install/dual_arm_panda_moveit_config:/home/shiva/moveit2_ws/install/moveit_resources_panda_description:/home/shiva/moveit2_ws/install/moveit_resources_fanuc_moveit_config:/home/shiva/moveit2_ws/install/moveit_resources_fanuc_description:/home/shiva/moveit2_ws/install/moveit_planners_stomp:/home/shiva/moveit2_ws/install/moveit_planners_chomp:/home/shiva/moveit2_ws/install/chomp_motion_planner:/home/shiva/moveit2_ws/install/moveit_core:/home/shiva/moveit2_ws/install/moveit_msgs:/home/shiva/moveit2_ws/install/moveit_common:/home/shiva/ur5_demo_ws/install/ur:/home/shiva/ur5_demo_ws/install/ur_calibration:/home/shiva/ur5_demo_ws/install/ur_robot_driver:/home/shiva/ur5_demo_ws/install/ur_moveit_config:/home/shiva/ur5_demo_ws/install/ur_controllers:/home/shiva/ur5_demo_ws/install/ur_dashboard_msgs:/opt/ros/jazzy/opt/sdformat_vendor:/opt/ros/jazzy/opt/gz_math_vendor:/opt/ros/jazzy/opt/gz_utils_vendor:/opt/ros/jazzy/opt/gz_tools_vendor:/opt/ros/jazzy/opt/gz_cmake_vendor:/home/shiva/ur5_ws/install/ur5_sim_py_node:/home/shiva/moveit2_ws/install/moveit_configs_utils:/opt/ros/jazzy DEBUGINFOD_URLS=https://debuginfod.ubuntu.com LD_LIBRARY_PATH=/home/shiva/sixDOF_robot_ws_full_checks/install/ur_controllers/lib:/home/shiva/sixDOF_robot_ws_full_checks/install/ur_dashboard_msgs/lib:${LD_LIBRARY_PATH} PYTHONPATH=/home/shiva/sixDOF_robot_ws_full_checks/install/ur_dashboard_msgs/lib/python3.12/site-packages:${PYTHONPATH} /usr/bin/cmake --install /home/shiva/sixDOF_robot_ws_full_checks/build/ur_robot_driver
[79.978s] -- Install configuration: "RelWithDebInfo"
[79.991s] -- Installing: /home/shiva/sixDOF_robot_ws_full_checks/install/ur_robot_driver/share/ur_robot_driver/hardware_interface_plugin.xml
[80.005s] -- Installing: /home/shiva/sixDOF_robot_ws_full_checks/install/ur_robot_driver/lib/ur_robot_driver/dashboard_client
[80.028s] -- Set non-toolchain portion of runtime path of "/home/shiva/sixDOF_robot_ws_full_checks/install/ur_robot_driver/lib/ur_robot_driver/dashboard_client" to ""
[80.029s] -- Installing: /home/shiva/sixDOF_robot_ws_full_checks/install/ur_robot_driver/lib/ur_robot_driver/controller_stopper_node
[80.046s] -- Set non-toolchain portion of runtime path of "/home/shiva/sixDOF_robot_ws_full_checks/install/ur_robot_driver/lib/ur_robot_driver/controller_stopper_node" to ""
[80.046s] -- Installing: /home/shiva/sixDOF_robot_ws_full_checks/install/ur_robot_driver/lib/ur_robot_driver/urscript_interface
[80.060s] -- Set non-toolchain portion of runtime path of "/home/shiva/sixDOF_robot_ws_full_checks/install/ur_robot_driver/lib/ur_robot_driver/urscript_interface" to ""
[80.060s] -- Installing: /home/shiva/sixDOF_robot_ws_full_checks/install/ur_robot_driver/lib/ur_robot_driver/robot_state_helper
[80.094s] -- Set non-toolchain portion of runtime path of "/home/shiva/sixDOF_robot_ws_full_checks/install/ur_robot_driver/lib/ur_robot_driver/robot_state_helper" to ""
[80.094s] -- Installing: /home/shiva/sixDOF_robot_ws_full_checks/install/ur_robot_driver/lib/libur_robot_driver_plugin.so
[80.150s] -- Set non-toolchain portion of runtime path of "/home/shiva/sixDOF_robot_ws_full_checks/install/ur_robot_driver/lib/libur_robot_driver_plugin.so" to ""
[80.150s] -- Installing: /home/shiva/sixDOF_robot_ws_full_checks/install/ur_robot_driver/include
[80.162s] -- Installing: /home/shiva/sixDOF_robot_ws_full_checks/install/ur_robot_driver/include/ur_robot_driver
[80.163s] -- Installing: /home/shiva/sixDOF_robot_ws_full_checks/install/ur_robot_driver/include/ur_robot_driver/urcl_log_handler.hpp
[80.175s] -- Installing: /home/shiva/sixDOF_robot_ws_full_checks/install/ur_robot_driver/include/ur_robot_driver/dashboard_client_ros.hpp
[80.190s] -- Installing: /home/shiva/sixDOF_robot_ws_full_checks/install/ur_robot_driver/include/ur_robot_driver/hardware_interface.hpp
[80.190s] -- Installing: /home/shiva/sixDOF_robot_ws_full_checks/install/ur_robot_driver/include/ur_robot_driver/robot_state_helper.hpp
[80.190s] -- Installing: /home/shiva/sixDOF_robot_ws_full_checks/install/ur_robot_driver/include/ur_robot_driver/controller_stopper.hpp
[80.191s] -- Installing: /home/shiva/sixDOF_robot_ws_full_checks/install/ur_robot_driver/share/ur_robot_driver/environment/library_path.sh
[80.206s] -- Installing: /home/shiva/sixDOF_robot_ws_full_checks/install/ur_robot_driver/share/ur_robot_driver/environment/library_path.dsv
[80.206s] -- Installing: /home/shiva/sixDOF_robot_ws_full_checks/install/ur_robot_driver/share/ur_robot_driver/resources
[80.218s] -- Installing: /home/shiva/sixDOF_robot_ws_full_checks/install/ur_robot_driver/share/ur_robot_driver/resources/rtde_output_recipe.txt
[80.219s] -- Installing: /home/shiva/sixDOF_robot_ws_full_checks/install/ur_robot_driver/share/ur_robot_driver/resources/externalcontrol-1.0.5.urcap
[80.220s] -- Installing: /home/shiva/sixDOF_robot_ws_full_checks/install/ur_robot_driver/share/ur_robot_driver/resources/rtde_input_recipe.txt
[80.220s] -- Installing: /home/shiva/sixDOF_robot_ws_full_checks/install/ur_robot_driver/share/ur_robot_driver/resources/rs485-1.0.urcap
[80.236s] -- Up-to-date: /home/shiva/sixDOF_robot_ws_full_checks/install/ur_robot_driver/include
[80.236s] -- Up-to-date: /home/shiva/sixDOF_robot_ws_full_checks/install/ur_robot_driver/include/ur_robot_driver
[80.236s] -- Up-to-date: /home/shiva/sixDOF_robot_ws_full_checks/install/ur_robot_driver/include/ur_robot_driver/urcl_log_handler.hpp
[80.236s] -- Up-to-date: /home/shiva/sixDOF_robot_ws_full_checks/install/ur_robot_driver/include/ur_robot_driver/dashboard_client_ros.hpp
[80.237s] -- Up-to-date: /home/shiva/sixDOF_robot_ws_full_checks/install/ur_robot_driver/include/ur_robot_driver/hardware_interface.hpp
[80.237s] -- Up-to-date: /home/shiva/sixDOF_robot_ws_full_checks/install/ur_robot_driver/include/ur_robot_driver/robot_state_helper.hpp
[80.237s] -- Up-to-date: /home/shiva/sixDOF_robot_ws_full_checks/install/ur_robot_driver/include/ur_robot_driver/controller_stopper.hpp
[80.238s] -- Installing: /home/shiva/sixDOF_robot_ws_full_checks/install/ur_robot_driver/share/ur_robot_driver/environment/pythonpath.sh
[80.238s] -- Installing: /home/shiva/sixDOF_robot_ws_full_checks/install/ur_robot_driver/share/ur_robot_driver/environment/pythonpath.dsv
[80.238s] -- Installing: /home/shiva/sixDOF_robot_ws_full_checks/install/ur_robot_driver/lib/python3.12/site-packages/ur_robot_driver-3.3.3-py3.12.egg-info
[80.239s] -- Installing: /home/shiva/sixDOF_robot_ws_full_checks/install/ur_robot_driver/lib/python3.12/site-packages/ur_robot_driver-3.3.3-py3.12.egg-info/top_level.txt
[80.239s] -- Installing: /home/shiva/sixDOF_robot_ws_full_checks/install/ur_robot_driver/lib/python3.12/site-packages/ur_robot_driver-3.3.3-py3.12.egg-info/dependency_links.txt
[80.239s] -- Installing: /home/shiva/sixDOF_robot_ws_full_checks/install/ur_robot_driver/lib/python3.12/site-packages/ur_robot_driver-3.3.3-py3.12.egg-info/SOURCES.txt
[80.263s] -- Installing: /home/shiva/sixDOF_robot_ws_full_checks/install/ur_robot_driver/lib/python3.12/site-packages/ur_robot_driver-3.3.3-py3.12.egg-info/PKG-INFO
[80.264s] -- Installing: /home/shiva/sixDOF_robot_ws_full_checks/install/ur_robot_driver/lib/python3.12/site-packages/ur_robot_driver
[80.264s] -- Installing: /home/shiva/sixDOF_robot_ws_full_checks/install/ur_robot_driver/lib/python3.12/site-packages/ur_robot_driver/__init__.py
[80.599s] Listing '/home/shiva/sixDOF_robot_ws_full_checks/install/ur_robot_driver/lib/python3.12/site-packages/ur_robot_driver'...
[80.599s] Compiling '/home/shiva/sixDOF_robot_ws_full_checks/install/ur_robot_driver/lib/python3.12/site-packages/ur_robot_driver/__init__.py'...
[80.611s] -- Installing: /home/shiva/sixDOF_robot_ws_full_checks/install/ur_robot_driver/lib/ur_robot_driver/tool_communication.py
[80.612s] -- Installing: /home/shiva/sixDOF_robot_ws_full_checks/install/ur_robot_driver/lib/ur_robot_driver/wait_for_robot_description
[80.613s] -- Installing: /home/shiva/sixDOF_robot_ws_full_checks/install/ur_robot_driver/lib/ur_robot_driver/example_move.py
[80.613s] -- Installing: /home/shiva/sixDOF_robot_ws_full_checks/install/ur_robot_driver/lib/ur_robot_driver/start_ursim.sh
[80.614s] -- Installing: /home/shiva/sixDOF_robot_ws_full_checks/install/ur_robot_driver/lib/ur_robot_driver/examples.py
[80.615s] -- Installing: /home/shiva/sixDOF_robot_ws_full_checks/install/ur_robot_driver/lib/ur_robot_driver/force_mode.py
[80.616s] -- Installing: /home/shiva/sixDOF_robot_ws_full_checks/install/ur_robot_driver/bin/wait_dashboard_server.sh
[80.616s] -- Installing: /home/shiva/sixDOF_robot_ws_full_checks/install/ur_robot_driver/share/ur_robot_driver/config
[80.617s] -- Installing: /home/shiva/sixDOF_robot_ws_full_checks/install/ur_robot_driver/share/ur_robot_driver/config/ur20_update_rate.yaml
[80.617s] -- Installing: /home/shiva/sixDOF_robot_ws_full_checks/install/ur_robot_driver/share/ur_robot_driver/config/ur3e_update_rate.yaml
[80.618s] -- Installing: /home/shiva/sixDOF_robot_ws_full_checks/install/ur_robot_driver/share/ur_robot_driver/config/ur_controllers.yaml
[80.619s] -- Installing: /home/shiva/sixDOF_robot_ws_full_checks/install/ur_robot_driver/share/ur_robot_driver/config/ur5e_update_rate.yaml
[80.619s] -- Installing: /home/shiva/sixDOF_robot_ws_full_checks/install/ur_robot_driver/share/ur_robot_driver/config/test_goal_publishers_config.yaml
[80.620s] -- Installing: /home/shiva/sixDOF_robot_ws_full_checks/install/ur_robot_driver/share/ur_robot_driver/config/ur15_update_rate.yaml
[80.621s] -- Installing: /home/shiva/sixDOF_robot_ws_full_checks/install/ur_robot_driver/share/ur_robot_driver/config/ur30_update_rate.yaml
[80.621s] -- Installing: /home/shiva/sixDOF_robot_ws_full_checks/install/ur_robot_driver/share/ur_robot_driver/config/ur10_update_rate.yaml
[80.622s] -- Installing: /home/shiva/sixDOF_robot_ws_full_checks/install/ur_robot_driver/share/ur_robot_driver/config/ur16e_update_rate.yaml
[80.623s] -- Installing: /home/shiva/sixDOF_robot_ws_full_checks/install/ur_robot_driver/share/ur_robot_driver/config/ur10e_update_rate.yaml
[80.623s] -- Installing: /home/shiva/sixDOF_robot_ws_full_checks/install/ur_robot_driver/share/ur_robot_driver/config/ur5_update_rate.yaml
[80.624s] -- Installing: /home/shiva/sixDOF_robot_ws_full_checks/install/ur_robot_driver/share/ur_robot_driver/config/test_velocity_goal_publishers_config.yaml
[80.625s] -- Installing: /home/shiva/sixDOF_robot_ws_full_checks/install/ur_robot_driver/share/ur_robot_driver/config/ur3_update_rate.yaml
[80.625s] -- Installing: /home/shiva/sixDOF_robot_ws_full_checks/install/ur_robot_driver/share/ur_robot_driver/launch
[80.626s] -- Installing: /home/shiva/sixDOF_robot_ws_full_checks/install/ur_robot_driver/share/ur_robot_driver/launch/test_forward_velocity_controller.launch.py
[80.627s] -- Installing: /home/shiva/sixDOF_robot_ws_full_checks/install/ur_robot_driver/share/ur_robot_driver/launch/ur16e.launch.py
[80.627s] -- Installing: /home/shiva/sixDOF_robot_ws_full_checks/install/ur_robot_driver/share/ur_robot_driver/launch/ur30.launch.py
[80.628s] -- Installing: /home/shiva/sixDOF_robot_ws_full_checks/install/ur_robot_driver/share/ur_robot_driver/launch/ur3e.launch.py
[80.628s] -- Installing: /home/shiva/sixDOF_robot_ws_full_checks/install/ur_robot_driver/share/ur_robot_driver/launch/ur7e.launch.py
[80.629s] -- Installing: /home/shiva/sixDOF_robot_ws_full_checks/install/ur_robot_driver/share/ur_robot_driver/launch/test_scaled_joint_trajectory_controller.launch.py
[80.630s] -- Installing: /home/shiva/sixDOF_robot_ws_full_checks/install/ur_robot_driver/share/ur_robot_driver/launch/ur5e.launch.py
[80.630s] -- Installing: /home/shiva/sixDOF_robot_ws_full_checks/install/ur_robot_driver/share/ur_robot_driver/launch/ur_dashboard_client.launch.py
[80.631s] -- Installing: /home/shiva/sixDOF_robot_ws_full_checks/install/ur_robot_driver/share/ur_robot_driver/launch/ur15.launch.py
[80.632s] -- Installing: /home/shiva/sixDOF_robot_ws_full_checks/install/ur_robot_driver/share/ur_robot_driver/launch/test_joint_trajectory_controller.launch.py
[80.632s] -- Installing: /home/shiva/sixDOF_robot_ws_full_checks/install/ur_robot_driver/share/ur_robot_driver/launch/ur10e.launch.py
[80.633s] -- Installing: /home/shiva/sixDOF_robot_ws_full_checks/install/ur_robot_driver/share/ur_robot_driver/launch/ur5.launch.py
[80.633s] -- Installing: /home/shiva/sixDOF_robot_ws_full_checks/install/ur_robot_driver/share/ur_robot_driver/launch/ur3.launch.py
[80.634s] -- Installing: /home/shiva/sixDOF_robot_ws_full_checks/install/ur_robot_driver/share/ur_robot_driver/launch/ur_control.launch.py
[80.634s] -- Installing: /home/shiva/sixDOF_robot_ws_full_checks/install/ur_robot_driver/share/ur_robot_driver/launch/ur12e.launch.py
[80.635s] -- Installing: /home/shiva/sixDOF_robot_ws_full_checks/install/ur_robot_driver/share/ur_robot_driver/launch/ur20.launch.py
[80.635s] -- Installing: /home/shiva/sixDOF_robot_ws_full_checks/install/ur_robot_driver/share/ur_robot_driver/launch/ur_rsp.launch.py
[80.636s] -- Installing: /home/shiva/sixDOF_robot_ws_full_checks/install/ur_robot_driver/share/ur_robot_driver/launch/ur10.launch.py
[80.636s] -- Installing: /home/shiva/sixDOF_robot_ws_full_checks/install/ur_robot_driver/share/ur_robot_driver/urdf
[80.637s] -- Installing: /home/shiva/sixDOF_robot_ws_full_checks/install/ur_robot_driver/share/ur_robot_driver/urdf/ur.urdf.xacro
[80.637s] -- Installing: /home/shiva/sixDOF_robot_ws_full_checks/install/ur_robot_driver/share/ur_robot_driver/urdf/ur.ros2_control.xacro
[80.637s] -- Installing: /home/shiva/sixDOF_robot_ws_full_checks/install/ur_robot_driver/share/ament_index/resource_index/package_run_dependencies/ur_robot_driver
[80.638s] -- Installing: /home/shiva/sixDOF_robot_ws_full_checks/install/ur_robot_driver/share/ament_index/resource_index/parent_prefix_path/ur_robot_driver
[80.638s] -- Installing: /home/shiva/sixDOF_robot_ws_full_checks/install/ur_robot_driver/share/ur_robot_driver/environment/ament_prefix_path.sh
[80.652s] -- Installing: /home/shiva/sixDOF_robot_ws_full_checks/install/ur_robot_driver/share/ur_robot_driver/environment/ament_prefix_path.dsv
[80.653s] -- Installing: /home/shiva/sixDOF_robot_ws_full_checks/install/ur_robot_driver/share/ur_robot_driver/environment/path.sh
[80.653s] -- Installing: /home/shiva/sixDOF_robot_ws_full_checks/install/ur_robot_driver/share/ur_robot_driver/environment/path.dsv
[80.654s] -- Installing: /home/shiva/sixDOF_robot_ws_full_checks/install/ur_robot_driver/share/ur_robot_driver/local_setup.bash
[80.655s] -- Installing: /home/shiva/sixDOF_robot_ws_full_checks/install/ur_robot_driver/share/ur_robot_driver/local_setup.sh
[80.655s] -- Installing: /home/shiva/sixDOF_robot_ws_full_checks/install/ur_robot_driver/share/ur_robot_driver/local_setup.zsh
[80.656s] -- Installing: /home/shiva/sixDOF_robot_ws_full_checks/install/ur_robot_driver/share/ur_robot_driver/local_setup.dsv
[80.656s] -- Installing: /home/shiva/sixDOF_robot_ws_full_checks/install/ur_robot_driver/share/ur_robot_driver/package.dsv
[80.657s] -- Installing: /home/shiva/sixDOF_robot_ws_full_checks/install/ur_robot_driver/share/ament_index/resource_index/packages/ur_robot_driver
[80.657s] -- Installing: /home/shiva/sixDOF_robot_ws_full_checks/install/ur_robot_driver/share/ament_index/resource_index/hardware_interface__pluginlib__plugin/ur_robot_driver
[80.657s] -- Installing: /home/shiva/sixDOF_robot_ws_full_checks/install/ur_robot_driver/share/ur_robot_driver/cmake/ament_cmake_export_include_directories-extras.cmake
[80.658s] -- Installing: /home/shiva/sixDOF_robot_ws_full_checks/install/ur_robot_driver/share/ur_robot_driver/cmake/ament_cmake_export_libraries-extras.cmake
[80.658s] -- Installing: /home/shiva/sixDOF_robot_ws_full_checks/install/ur_robot_driver/share/ur_robot_driver/cmake/ament_cmake_export_dependencies-extras.cmake
[80.658s] -- Installing: /home/shiva/sixDOF_robot_ws_full_checks/install/ur_robot_driver/share/ur_robot_driver/cmake/ur_robot_driverConfig.cmake
[80.658s] -- Installing: /home/shiva/sixDOF_robot_ws_full_checks/install/ur_robot_driver/share/ur_robot_driver/cmake/ur_robot_driverConfig-version.cmake
[80.659s] -- Installing: /home/shiva/sixDOF_robot_ws_full_checks/install/ur_robot_driver/share/ur_robot_driver/package.xml
[80.663s] Invoked command in '/home/shiva/sixDOF_robot_ws_full_checks/build/ur_robot_driver' returned '0': AMENT_PREFIX_PATH=/home/shiva/sixDOF_robot_ws_full_checks/install/ur_controllers:/home/shiva/sixDOF_robot_ws_full_checks/install/ur_dashboard_msgs:${AMENT_PREFIX_PATH} CMAKE_PREFIX_PATH=/home/shiva/sixDOF_robot_ws_full_checks/install/ur_controllers:/home/shiva/sixDOF_robot_ws_full_checks/install/ur_dashboard_msgs:/home/shiva/ur5_ws/install/ur_moveit_config:/home/shiva/moveit2_ws/install/pilz_industrial_motion_planner_testutils:/home/shiva/moveit2_ws/install/moveit_runtime:/home/shiva/moveit2_ws/install/moveit:/home/shiva/moveit2_ws/install/moveit_planners:/home/shiva/moveit2_ws/install/pilz_industrial_motion_planner:/home/shiva/moveit2_ws/install/moveit_ros_control_interface:/home/shiva/moveit2_ws/install/moveit_plugins:/home/shiva/moveit2_ws/install/moveit_simple_controller_manager:/home/shiva/moveit2_ws/install/moveit_setup_assistant:/home/shiva/moveit2_ws/install/moveit_setup_srdf_plugins:/home/shiva/moveit2_ws/install/moveit_setup_core_plugins:/home/shiva/moveit2_ws/install/moveit_setup_controllers:/home/shiva/moveit2_ws/install/moveit_setup_app_plugins:/home/shiva/moveit2_ws/install/moveit_setup_framework:/home/shiva/moveit2_ws/install/moveit_servo:/home/shiva/moveit2_ws/install/moveit_ros_trajectory_cache:/home/shiva/moveit2_ws/install/moveit_ros:/home/shiva/moveit2_ws/install/moveit_ros_visualization:/home/shiva/moveit2_ws/install/moveit_py:/home/shiva/moveit2_ws/install/moveit_hybrid_planning:/home/shiva/moveit2_ws/install/moveit_ros_planning_interface:/home/shiva/moveit2_ws/install/moveit_ros_benchmarks:/home/shiva/moveit2_ws/install/moveit_ros_warehouse:/home/shiva/moveit2_ws/install/moveit_ros_robot_interaction:/home/shiva/moveit2_ws/install/moveit_ros_perception:/home/shiva/moveit2_ws/install/moveit_resources_prbt_pg70_support:/home/shiva/moveit2_ws/install/moveit_resources_prbt_moveit_config:/home/shiva/moveit2_ws/install/moveit_ros_move_group:/home/shiva/moveit2_ws/install/moveit_planners_ompl:/home/shiva/moveit2_ws/install/moveit_kinematics:/home/shiva/moveit2_ws/install/moveit_ros_planning:/home/shiva/moveit2_ws/install/moveit_ros_occupancy_map_monitor:/home/shiva/moveit2_ws/install/moveit_resources_prbt_support:/home/shiva/moveit2_ws/install/moveit_resources_prbt_ikfast_manipulator_plugin:/home/shiva/moveit2_ws/install/moveit_resources:/home/shiva/moveit2_ws/install/moveit_resources_pr2_description:/home/shiva/moveit2_ws/install/moveit_resources_panda_moveit_config:/home/shiva/moveit2_ws/install/dual_arm_panda_moveit_config:/home/shiva/moveit2_ws/install/moveit_resources_panda_description:/home/shiva/moveit2_ws/install/moveit_resources_fanuc_moveit_config:/home/shiva/moveit2_ws/install/moveit_resources_fanuc_description:/home/shiva/moveit2_ws/install/moveit_planners_stomp:/home/shiva/moveit2_ws/install/moveit_planners_chomp:/home/shiva/moveit2_ws/install/chomp_motion_planner:/home/shiva/moveit2_ws/install/moveit_core:/home/shiva/moveit2_ws/install/moveit_msgs:/home/shiva/moveit2_ws/install/moveit_common:/home/shiva/ur5_demo_ws/install/ur:/home/shiva/ur5_demo_ws/install/ur_calibration:/home/shiva/ur5_demo_ws/install/ur_robot_driver:/home/shiva/ur5_demo_ws/install/ur_moveit_config:/home/shiva/ur5_demo_ws/install/ur_controllers:/home/shiva/ur5_demo_ws/install/ur_dashboard_msgs:/opt/ros/jazzy/opt/sdformat_vendor:/opt/ros/jazzy/opt/gz_math_vendor:/opt/ros/jazzy/opt/gz_utils_vendor:/opt/ros/jazzy/opt/gz_tools_vendor:/opt/ros/jazzy/opt/gz_cmake_vendor:/home/shiva/ur5_ws/install/ur5_sim_py_node:/home/shiva/moveit2_ws/install/moveit_configs_utils:/opt/ros/jazzy DEBUGINFOD_URLS=https://debuginfod.ubuntu.com LD_LIBRARY_PATH=/home/shiva/sixDOF_robot_ws_full_checks/install/ur_controllers/lib:/home/shiva/sixDOF_robot_ws_full_checks/install/ur_dashboard_msgs/lib:${LD_LIBRARY_PATH} PYTHONPATH=/home/shiva/sixDOF_robot_ws_full_checks/install/ur_dashboard_msgs/lib/python3.12/site-packages:${PYTHONPATH} /usr/bin/cmake --install /home/shiva/sixDOF_robot_ws_full_checks/build/ur_robot_driver
